 - - [05/Nov/2022:23:48:11 +0000] "GET / HTTP/1.0" 200 12940 "-" "Mozilla/5.0 (X11; Ubuntu; Linux x86_64; rv:106.0) Gecko/20100101 Firefox/106.0"
 - - [05/Nov/2022:23:48:58 +0000] "GET / HTTP/1.0" 200 12940 "-" "Mozilla/5.0 (X11; Ubuntu; Linux x86_64; rv:106.0) Gecko/20100101 Firefox/106.0"
 - - [05/Nov/2022:23:50:31 +0000] "GET / HTTP/1.0" 200 12940 "-" "Mozilla/5.0 (X11; Ubuntu; Linux x86_64; rv:106.0) Gecko/20100101 Firefox/106.0"
 - - [05/Nov/2022:23:50:32 +0000] "GET /favicon.ico HTTP/1.0" 404 3822 "https://vintaw.com/" "Mozilla/5.0 (X11; Ubuntu; Linux x86_64; rv:106.0) Gecko/20100101 Firefox/106.0"
 - - [05/Nov/2022:23:50:43 +0000] "GET /get_votations/a HTTP/1.0" 200 14250 "https://vintaw.com/" "Mozilla/5.0 (X11; Ubuntu; Linux x86_64; rv:106.0) Gecko/20100101 Firefox/106.0"
 - - [05/Nov/2022:23:50:44 +0000] "GET /favicon.ico HTTP/1.0" 404 3822 "https://vintaw.com/get_votations/a" "Mozilla/5.0 (X11; Ubuntu; Linux x86_64; rv:106.0) Gecko/20100101 Firefox/106.0"
 - - [05/Nov/2022:23:50:58 +0000] "GET / HTTP/1.0" 200 12940 "https://vintaw.com/get_votations/a" "Mozilla/5.0 (X11; Ubuntu; Linux x86_64; rv:106.0) Gecko/20100101 Firefox/106.0"
 - - [05/Nov/2022:23:51:00 +0000] "GET /favicon.ico HTTP/1.0" 404 3822 "https://vintaw.com/" "Mozilla/5.0 (X11; Ubuntu; Linux x86_64; rv:106.0) Gecko/20100101 Firefox/106.0"
 - - [05/Nov/2022:23:51:00 +0000] "GET /get_token HTTP/1.0" 200 4889 "https://vintaw.com/" "Mozilla/5.0 (X11; Ubuntu; Linux x86_64; rv:106.0) Gecko/20100101 Firefox/106.0"
 - - [05/Nov/2022:23:51:00 +0000] "GET /favicon.ico HTTP/1.0" 404 3822 "https://vintaw.com/get_token" "Mozilla/5.0 (X11; Ubuntu; Linux x86_64; rv:106.0) Gecko/20100101 Firefox/106.0"
 - - [05/Nov/2022:23:58:13 +0000] "GET / HTTP/1.0" 200 12940 "-" "Mozilla/5.0 (Windows NT 10.0; Win64; x64) AppleWebKit/537.36 (KHTML, like Gecko) Chrome/70.0.3538.77 Safari/537.36"
 - - [06/Nov/2022:00:00:57 +0000] "GET /get_token HTTP/1.0" 200 4889 "https://vintaw.com/" "Mozilla/5.0 (X11; Ubuntu; Linux x86_64; rv:106.0) Gecko/20100101 Firefox/106.0"
 - - [06/Nov/2022:00:00:58 +0000] "GET /favicon.ico HTTP/1.0" 404 3822 "https://vintaw.com/get_token" "Mozilla/5.0 (X11; Ubuntu; Linux x86_64; rv:106.0) Gecko/20100101 Firefox/106.0"
 - - [06/Nov/2022:00:02:28 +0000] "GET /.htaccess HTTP/1.0" 404 3816 "-" "Mozilla/5.0 (Macintosh; Intel Mac OS X 10.15; rv:102.0) Gecko/20100101 Firefox/102.0"
 - - [06/Nov/2022:00:08:28 +0000] "GET /get_token HTTP/1.0" 200 4889 "https://vintaw.com/" "Mozilla/5.0 (X11; Ubuntu; Linux x86_64; rv:106.0) Gecko/20100101 Firefox/106.0"
 - - [06/Nov/2022:00:08:29 +0000] "GET /favicon.ico HTTP/1.0" 404 3822 "https://vintaw.com/get_token" "Mozilla/5.0 (X11; Ubuntu; Linux x86_64; rv:106.0) Gecko/20100101 Firefox/106.0"
 - - [06/Nov/2022:00:08:41 +0000] "GET /get_token HTTP/1.0" 200 4868 "https://vintaw.com/" "Mozilla/5.0 (X11; Ubuntu; Linux x86_64; rv:106.0) Gecko/20100101 Firefox/106.0"
 - - [06/Nov/2022:00:08:43 +0000] "GET /favicon.ico HTTP/1.0" 404 3822 "https://vintaw.com/get_token" "Mozilla/5.0 (X11; Ubuntu; Linux x86_64; rv:106.0) Gecko/20100101 Firefox/106.0"
 - - [06/Nov/2022:00:12:09 +0000] "GET /get_token HTTP/1.0" 200 4868 "https://vintaw.com/" "Mozilla/5.0 (X11; Ubuntu; Linux x86_64; rv:106.0) Gecko/20100101 Firefox/106.0"
 - - [06/Nov/2022:00:12:10 +0000] "GET /favicon.ico HTTP/1.0" 404 3822 "https://vintaw.com/get_token" "Mozilla/5.0 (X11; Ubuntu; Linux x86_64; rv:106.0) Gecko/20100101 Firefox/106.0"
 - - [06/Nov/2022:00:18:27 +0000] "GET /get_token HTTP/1.0" 200 4868 "https://vintaw.com/" "Mozilla/5.0 (X11; Ubuntu; Linux x86_64; rv:106.0) Gecko/20100101 Firefox/106.0"
 - - [06/Nov/2022:00:18:28 +0000] "GET /favicon.ico HTTP/1.0" 404 3822 "https://vintaw.com/get_token" "Mozilla/5.0 (X11; Ubuntu; Linux x86_64; rv:106.0) Gecko/20100101 Firefox/106.0"
 - - [06/Nov/2022:00:26:17 +0000] "GET / HTTP/1.0" 200 13032 "-" "libwww-perl/6.05"
 - - [06/Nov/2022:01:05:32 +0000] "GET /ecp/Current/exporttool/microsoft.exchange.ediscovery.exporttool.application HTTP/1.0" 404 4017 "-" "Mozilla/5.0 zgrab/0.x"
 - - [06/Nov/2022:01:07:02 +0000] "GET /.htaccess HTTP/1.0" 404 3816 "-" "Mozilla/5.0 (Windows NT 10.0; WOW64) AppleWebKit/537.36 (KHTML, like Gecko) Chrome/102.0.0.0 Safari/537.36"
 - - [06/Nov/2022:01:10:00 +0000] "GET /owa/auth/x.js HTTP/1.0" 404 3831 "-" "Mozilla/5.0 zgrab/0.x"
 - - [06/Nov/2022:01:10:12 +0000] "GET /owa/auth/logon.aspx HTTP/1.0" 404 3849 "-" "Mozilla/5.0 zgrab/0.x"
 - - [06/Nov/2022:01:13:56 +0000] "GET / HTTP/1.0" 200 13032 "-" "python-requests/2.28.1"
 - - [06/Nov/2022:01:15:05 +0000] "GET /owa/auth/logon.aspx?url=https%3a%2f%2f1%2fecp%2f HTTP/1.0" 404 3878 "-" "Mozilla/5.0 zgrab/0.x"
 - - [06/Nov/2022:01:38:09 +0000] "GET / HTTP/1.0" 200 13032 "-" "Mozilla/5.0 (Linux; U; Android 2.2; ja-jp; SC-02B Build/FROYO) AppleWebKit/533.1 (KHTML, like Gecko) Version/4.0 Mobile Safari/533.1"
 - - [06/Nov/2022:01:38:09 +0000] "GET / HTTP/1.0" 200 13032 "-" "Mozilla/5.0 (Linux; U; Android 2.2; ja-jp; SC-02B Build/FROYO) AppleWebKit/533.1 (KHTML, like Gecko) Version/4.0 Mobile Safari/533.1"
 - - [06/Nov/2022:01:38:17 +0000] "GET / HTTP/1.0" 200 13032 "-" "Mozilla/5.0 (Linux; U; Android 2.2; ja-jp; SC-02B Build/FROYO) AppleWebKit/533.1 (KHTML, like Gecko) Version/4.0 Mobile Safari/533.1"
 - - [06/Nov/2022:01:38:18 +0000] "GET / HTTP/1.0" 200 13032 "-" "Mozilla/5.0 (Linux; U; Android 2.2; ja-jp; SC-02B Build/FROYO) AppleWebKit/533.1 (KHTML, like Gecko) Version/4.0 Mobile Safari/533.1"
 - - [06/Nov/2022:01:49:04 +0000] "GET / HTTP/1.0" 400 61096 "-" "curl/7.64.1"
 - - [06/Nov/2022:01:49:27 +0000] "GET / HTTP/1.0" 200 13032 "-" "Mozilla/5.0 (Macintosh; Intel Mac OS X 10_15_7) AppleWebKit/537.36 (KHTML, like Gecko) Chrome/96.0.4664.110 Safari/537.36"
 - - [06/Nov/2022:01:49:27 +0000] "GET /favicon.ico HTTP/1.0" 404 3822 "-" "Mozilla/5.0 (Macintosh; Intel Mac OS X 10_15_7) AppleWebKit/537.36 (KHTML, like Gecko) Chrome/96.0.4664.110 Safari/537.36"
 - - [06/Nov/2022:01:49:27 +0000] "GET / HTTP/1.0" 200 13032 "-" "Mozilla/5.0 (Macintosh; Intel Mac OS X 10_15_7) AppleWebKit/537.36 (KHTML, like Gecko) Chrome/96.0.4664.110 Safari/537.36"
 - - [06/Nov/2022:01:49:28 +0000] "GET /favicon.ico HTTP/1.0" 404 3825 "-" "Mozilla/5.0 (Macintosh; Intel Mac OS X 10_15_7) AppleWebKit/537.36 (KHTML, like Gecko) Chrome/96.0.4664.110 Safari/537.36"
 - - [06/Nov/2022:02:08:16 +0000] "GET /.htaccess HTTP/1.0" 404 3816 "-" "Mozilla/5.0 (Windows NT 6.1; Win64; x64; rv:100.0) Gecko/20100101 Firefox/100.0"
 - - [06/Nov/2022:02:16:29 +0000] "GET /.well-known/security.txt HTTP/1.0" 404 3861 "-" "Mozilla/5.0 (X11; Ubuntu; Linux x86_64; rv:58.0) Gecko/20100101 Firefox/58.0"
 - - [06/Nov/2022:02:38:13 +0000] "GET / HTTP/1.0" 200 13032 "-" "Mozilla/5.0 (Windows NT 10.0; WOW64) AppleWebKit/537.36 (KHTML, like Gecko) Chrome/105.0.0.0 Safari/537.36"
 - - [06/Nov/2022:02:48:56 +0000] "GET /favicon.ico HTTP/1.0" 404 3825 "-" "Mozilla/5.0 (X11; Linux x86_64) AppleWebKit/537.36 (KHTML, like Gecko) Chrome/105.0.0.0 Safari/537.36"
 - - [06/Nov/2022:02:49:10 +0000] "GET / HTTP/1.0" 200 13032 "www.ecosia.org" "Mozilla/5.0 (X11; Linux x86_64; rv:83.0) Gecko/20100101 Firefox/83.0"
 - - [06/Nov/2022:02:49:11 +0000] "GET /favicon.ico HTTP/1.0" 404 3822 "duckduckgo.com" "Mozilla/5.0 (X11; Linux x86_64; rv:83.0) Gecko/20100101 Firefox/83.0"
 - - [06/Nov/2022:02:49:13 +0000] "GET /get_token HTTP/1.0" 200 4868 "duckduckgo.com" "Mozilla/5.0 (X11; Linux x86_64; rv:83.0) Gecko/20100101 Firefox/83.0"
 - - [06/Nov/2022:02:49:15 +0000] "GET /get_token/favicon.ico HTTP/1.0" 404 3852 "www.wolframalpha.com" "Mozilla/5.0 (X11; Linux x86_64; rv:83.0) Gecko/20100101 Firefox/83.0"
 - - [06/Nov/2022:02:49:18 +0000] "GET /get_votations/a%20 HTTP/1.0" 200 14229 "www.ask.com" "Mozilla/5.0 (X11; Linux x86_64; rv:83.0) Gecko/20100101 Firefox/83.0"
 - - [06/Nov/2022:02:49:22 +0000] "GET /get_votations/a%20/favicon.ico HTTP/1.0" 404 3875 "www.baidu.com" "Mozilla/5.0 (X11; Linux x86_64; rv:83.0) Gecko/20100101 Firefox/83.0"
 - - [06/Nov/2022:02:49:26 +0000] "GET /create_votation%20 HTTP/1.0" 404 3839 "www.ecosia.org" "Mozilla/5.0 (X11; Linux x86_64; rv:83.0) Gecko/20100101 Firefox/83.0"
 - - [06/Nov/2022:02:49:30 +0000] "GET /create_votation%20/favicon.ico HTTP/1.0" 404 3875 "www.ask.com" "Mozilla/5.0 (X11; Linux x86_64; rv:83.0) Gecko/20100101 Firefox/83.0"
 - - [06/Nov/2022:02:49:35 +0000] "GET /vota_free/9%20 HTTP/1.0" 404 3827 "duckduckgo.com" "Mozilla/5.0 (X11; Linux x86_64; rv:83.0) Gecko/20100101 Firefox/83.0"
 - - [06/Nov/2022:02:49:44 +0000] "GET /vota_free/9%20/favicon.ico HTTP/1.0" 404 3863 "yahoo.com" "Mozilla/5.0 (X11; Linux x86_64; rv:83.0) Gecko/20100101 Firefox/83.0"
 - - [06/Nov/2022:02:53:39 +0000] "GET /.git/config HTTP/1.0" 404 3825 "-" "Mozilla/5.0 (Windows NT 10.0; WOW64) AppleWebKit/537.36 (KHTML, like Gecko) Chrome/105.0.0.0 Safari/537.36"
 - - [06/Nov/2022:03:10:01 +0000] "GET / HTTP/1.0" 200 13032 "-" "Mozilla/5.0 zgrab/0.x"
 - - [06/Nov/2022:03:12:16 +0000] "GET /.htaccess HTTP/1.0" 404 3816 "-" "Mozilla/5.0 (Macintosh; Intel Mac OS X 10_15_7) AppleWebKit/537.36 (KHTML, like Gecko) Chrome/101.0.0.0 Safari/537.36"
 - - [06/Nov/2022:03:25:27 +0000] "GET / HTTP/1.0" 200 13032 "-" "Mozilla/5.0 (Macintosh; Intel Mac OS X 10.11; rv:47.0) Gecko/20100101 Firefox/47.0"
 - - [06/Nov/2022:03:46:12 +0000] "GET / HTTP/1.0" 200 13032 "-" "Mozilla/5.0 (Windows NT 10.0; Win64; x64) AppleWebKit/537.36 (KHTML, like Gecko) Chrome/78.0.3904.108 Safari/537.36"
 - - [06/Nov/2022:04:00:34 +0000] "POST /vendor/phpunit/phpunit/src/Util/PHP/eval-stdin.php HTTP/1.0" 404 3947 "-" "Mozilla/5.0 (Windows NT 10.0; Win64; x64) AppleWebKit/537.36 (KHTML, like Gecko) Chrome/78.0.3904.108 Safari/537.36"
 - - [06/Nov/2022:04:04:55 +0000] "GET /.htaccess HTTP/1.0" 404 3816 "-" "Mozilla/5.0 (Windows NT 10.0; WOW64) AppleWebKit/537.36 (KHTML, like Gecko) Chrome/86.0.4240.198 Safari/537.36"
 - - [06/Nov/2022:04:09:39 +0000] "GET /vendor/phpunit/phpunit/src/Util/PHP/eval-stdin.php HTTP/1.0" 404 3946 "-" "Mozilla/5.0 (Windows NT 10.0; Win64; x64) AppleWebKit/537.36 (KHTML, like Gecko) Chrome/78.0.3904.108 Safari/537.36"
 - - [06/Nov/2022:04:09:41 +0000] "GET / HTTP/1.0" 200 13032 "-" "Mozilla/5.0 (Windows NT 10.0; Win64; x64) AppleWebKit/537.36 (KHTML, like Gecko) Chrome/102.0.0.0 Safari/537.36"
 - - [06/Nov/2022:04:18:08 +0000] "GET /index.php?s=/Index/\think\app/invokefunction&function=call_user_func_array&vars[0]=md5&vars[1][]=HelloThinkPHP21 HTTP/1.0" 404 3942 "-" "Mozilla/5.0 (Windows NT 10.0; Win64; x64) AppleWebKit/537.36 (KHTML, like Gecko) Chrome/78.0.3904.108 Safari/537.36"
 - - [06/Nov/2022:04:38:22 +0000] "GET /aaa9 HTTP/1.0" 404 3804 "-" "Mozilla/5.0 (Windows NT 10.0; Win64; x64) AppleWebKit/537.36 (KHTML, like Gecko) Chrome/70.0.3538.77 Safari/537.36"
 - - [06/Nov/2022:04:56:54 +0000] "GET /?XDEBUG_SESSION_START=phpstorm HTTP/1.0" 200 13032 "-" "Mozilla/5.0 (Windows NT 10.0; Win64; x64) AppleWebKit/537.36 (KHTML, like Gecko) Chrome/78.0.3904.108 Safari/537.36"
 - - [06/Nov/2022:05:07:40 +0000] "GET /.htaccess HTTP/1.0" 404 3816 "-" "Mozilla/5.0 (X11; Linux x86_64) AppleWebKit/537.36 (KHTML, like Gecko) Chrome/100.0.4896.127 Safari/537.36"
 - - [06/Nov/2022:05:17:01 +0000] "POST /mifs/.;/services/LogService HTTP/1.0" 404 3880 "https://164.92.97.249:443" "Mozilla/5.0 (Windows NT 10.0; Win64; x64) AppleWebKit/537.36 (KHTML, like Gecko) Chrome/78.0.3904.108 Safari/537.36"
 - - [06/Nov/2022:05:28:34 +0000] "GET /console/ HTTP/1.0" 404 3820 "-" "Mozilla/5.0 (Windows NT 10.0; Win64; x64) AppleWebKit/537.36 (KHTML, like Gecko) Chrome/78.0.3904.108 Safari/537.36"
 - - [06/Nov/2022:05:43:15 +0000] "POST /Autodiscover/Autodiscover.xml HTTP/1.0" 404 3884 "-" "Mozilla/5.0 (Windows NT 10.0; Win64; x64) AppleWebKit/537.36 (KHTML, like Gecko) Chrome/78.0.3904.108 Safari/537.36"
 - - [06/Nov/2022:05:47:53 +0000] "GET /_ignition/execute-solution HTTP/1.0" 404 3874 "-" "Mozilla/5.0 (Windows NT 10.0; Win64; x64) AppleWebKit/537.36 (KHTML, like Gecko) Chrome/78.0.3904.108 Safari/537.36"
 - - [06/Nov/2022:05:55:49 +0000] "GET / HTTP/1.0" 200 13032 "-" "Mozilla/5.0 (Windows NT 10.0; Win64; x64) AppleWebKit/537.36 (KHTML, like Gecko) Chrome/78.0.3904.108 Safari/537.36"
 - - [06/Nov/2022:06:08:35 +0000] "GET /.htaccess HTTP/1.0" 404 3816 "-" "Mozilla/5.0 (Windows NT 10.0; Win64; x64) AppleWebKit/537.36 (KHTML, like Gecko) Chrome/102.0.5005.63 Safari/537.36 Edg/102.0.1245.30"
 - - [06/Nov/2022:06:12:33 +0000] "GET / HTTP/1.0" 200 13032 "-" "Mozilla/5.0 (Windows NT 10.0; Win64; x64) AppleWebKit/537.36 (KHTML, like Gecko) Chrome/78.0.3904.108 Safari/537.36"
 - - [06/Nov/2022:06:30:40 +0000] "GET /docker-compose.yml HTTP/1.0" 404 3846 "-" "Mozilla/5.0 (Macintosh; Intel Mac OS X 10_10_1) AppleWebKit/537.36 (KHTML, like Gecko) Chrome/52.0.2743.116 Safari/537.36"
 - - [06/Nov/2022:06:36:18 +0000] "GET / HTTP/1.0" 200 13032 "-" "Mozilla/5.0 (Windows NT 10.0; Win64; x64) AppleWebKit/537.36 (KHTML, like Gecko) Chrome/78.0.3904.108 Safari/537.36"
 - - [06/Nov/2022:06:59:01 +0000] "GET / HTTP/1.0" 200 13032 "-" "Mozilla/5.0 (Windows NT 10.0; Win64; x64) AppleWebKit/537.36 (KHTML, like Gecko) Chrome/60.0.3112.113 Safari/537.36"
 - - [06/Nov/2022:07:04:21 +0000] "GET /actuator/gateway/routes HTTP/1.0" 404 3865 "-" "Mozilla/5.0 (Windows NT 10.0; Win64; x64) AppleWebKit/537.36 (KHTML, like Gecko) Chrome/78.0.3904.108 Safari/537.36"
 - - [06/Nov/2022:07:44:26 +0000] "GET /robots.txt HTTP/1.0" 404 3819 "http://vintaw.com/robots.txt" "Mozilla/5.0 (Windows NT 10.0; Win64; x64) AppleWebKit/537.36 (KHTML, like Gecko) Chrome/103.0.5060.134 Safari/537.36 Edg/103.0.1264.71"
 - - [06/Nov/2022:07:44:27 +0000] "GET /humans.txt HTTP/1.0" 404 3819 "http://vintaw.com/humans.txt" "Mozilla/5.0 (Windows NT 10.0; Win64; x64) AppleWebKit/537.36 (KHTML, like Gecko) Chrome/103.0.5060.134 Safari/537.36 Edg/103.0.1264.71"
 - - [06/Nov/2022:07:44:28 +0000] "GET /ads.txt HTTP/1.0" 404 3810 "http://vintaw.com/ads.txt" "Mozilla/5.0 (Windows NT 10.0; Win64; x64) AppleWebKit/537.36 (KHTML, like Gecko) Chrome/103.0.5060.134 Safari/537.36 Edg/103.0.1264.71"
 - - [06/Nov/2022:07:44:29 +0000] "GET / HTTP/1.0" 200 13032 "http://vintaw.com/" "Mozilla/5.0 (Windows NT 10.0; Win64; x64) AppleWebKit/537.36 (KHTML, like Gecko) Chrome/103.0.5060.134 Safari/537.36 Edg/103.0.1264.71"
 - - [06/Nov/2022:08:22:56 +0000] "GET / HTTP/1.0" 200 13032 "-" "Mozilla/5.0 (X11; CrOS i686 3912.101.0) AppleWebKit/537.36 (KHTML, like Gecko) Chrome/27.0.1453.116 Safari/537.36"
 - - [06/Nov/2022:08:23:12 +0000] "GET /favicon.ico HTTP/1.0" 404 3822 "-" "Mozilla/5.0 (Windows NT 6.2; WOW64) AppleWebKit/537.36 (KHTML, like Gecko) Chrome/30.0.1599.17 Safari/537.36"
 - - [06/Nov/2022:08:27:37 +0000] "GET /autodiscover/autodiscover.json?@zdi/Powershell HTTP/1.0" 404 3898 "-" "Mozilla/5.0 zgrab/0.x"
 - - [06/Nov/2022:09:03:38 +0000] "GET /ab2g HTTP/1.0" 404 3804 "-" "Mozilla/5.0 zgrab/0.x"
 - - [06/Nov/2022:09:03:38 +0000] "GET /ab2h HTTP/1.0" 404 3804 "-" "Mozilla/5.0 zgrab/0.x"
 - - [06/Nov/2022:09:03:42 +0000] "GET / HTTP/1.0" 200 13032 "-" "Mozilla/5.0 zgrab/0.x"
 - - [06/Nov/2022:09:12:18 +0000] "GET / HTTP/1.0" 200 13032 "-" "Mozilla/5.0 (X11; Linux x86_64) AppleWebKit/537.36 (KHTML, like Gecko) Chrome/83.0.4103.97 Safari/537.36"
 - - [06/Nov/2022:09:12:45 +0000] "GET / HTTP/1.0" 200 13032 "-" "Mozilla/5.0 (X11; Linux x86_64) AppleWebKit/537.36 (KHTML, like Gecko) Chrome/83.0.4103.97 Safari/537.36"
 - - [06/Nov/2022:09:16:35 +0000] "GET /favicon.ico HTTP/1.0" 404 3822 "http://vintaw.com/favicon.ico" "Mozilla/5.0 (X11; Linux x86_64) AppleWebKit/537.36 (KHTML, like Gecko) Chrome/83.0.4103.97 Safari/537.36"
 - - [06/Nov/2022:09:16:35 +0000] "GET / HTTP/1.0" 200 13032 "http://vintaw.com" "Mozilla/5.0 (X11; Linux x86_64) AppleWebKit/537.36 (KHTML, like Gecko) Chrome/83.0.4103.97 Safari/537.36"
 - - [06/Nov/2022:09:17:12 +0000] "GET /favicon.ico HTTP/1.0" 404 3822 "http://vintaw.com/favicon.ico" "Mozilla/5.0 (X11; Linux x86_64) AppleWebKit/537.36 (KHTML, like Gecko) Chrome/83.0.4103.97 Safari/537.36"
 - - [06/Nov/2022:09:17:13 +0000] "GET / HTTP/1.0" 200 13032 "http://vintaw.com" "Mozilla/5.0 (X11; Linux x86_64) AppleWebKit/537.36 (KHTML, like Gecko) Chrome/83.0.4103.97 Safari/537.36"
 - - [06/Nov/2022:09:19:08 +0000] "GET /favicon.ico HTTP/1.0" 404 3822 "-" "Mozilla/5.0 (X11; Linux x86_64) AppleWebKit/537.36 (KHTML, like Gecko) Chrome/83.0.4103.97 Safari/537.36"
 - - [06/Nov/2022:10:03:45 +0000] "GET /explore HTTP/1.0" 404 3813 "-" "Mozilla/5.0 (Windows NT 6.1; Win64; x64; rv:2.0.1) Gecko/20100101 Firefox/4.0.1"
 - - [06/Nov/2022:10:08:58 +0000] "GET / HTTP/1.0" 200 13032 "-" "Mozilla/5.0 (X11; Linux x86_64) AppleWebKit/537.36 (KHTML, like Gecko) Chrome/55.0.2883.87 Safari/537.36"
 - - [06/Nov/2022:10:43:55 +0000] "GET /ab2g HTTP/1.0" 404 3804 "-" "Mozilla/5.0 zgrab/0.x"
 - - [06/Nov/2022:10:43:57 +0000] "GET / HTTP/1.0" 200 13032 "-" "Mozilla/5.0 zgrab/0.x"
 - - [06/Nov/2022:10:58:28 +0000] "GET / HTTP/1.0" 200 13032 "-" "Python/3.6 aiohttp/3.5.4"
 - - [06/Nov/2022:11:09:33 +0000] "GET / HTTP/1.0" 200 13032 "-" "Mozilla/5.0 (Windows NT 10.0; Win64; x64) AppleWebKit/537.36 (KHTML, like Gecko) Chrome/94.0.4606.61 Safari/537.36"
 - - [06/Nov/2022:11:09:36 +0000] "GET /favicon.ico HTTP/1.0" 404 3822 "-" "Mozilla/5.0 (Windows NT 10.0; Win64; x64) AppleWebKit/537.36 (KHTML, like Gecko) Chrome/94.0.4606.61 Safari/537.36"
 - - [06/Nov/2022:12:08:05 +0000] "GET / HTTP/1.0" 200 13032 "-" "Mozilla/5.0 (Windows NT 10.0; Win64; x64) AppleWebKit/537.36 (KHTML, like Gecko) Chrome/60.0.3112.113 Safari/537.36"
 - - [06/Nov/2022:12:09:15 +0000] "GET /explore HTTP/1.0" 404 3813 "-" "Mozilla/5.0 (X11; U; Linux x86_64; en-US; rv:1.9.2.9) Gecko/20100915 Gentoo Firefox/3.6.9"
 - - [06/Nov/2022:12:27:17 +0000] "GET / HTTP/1.0" 200 13032 "-" "Mozilla/5.0 (Macintosh; Intel Mac OS X 10_12_6) AppleWebKit/603.3.8 (KHTML, like Gecko) Version/10.1.2 Safari/603.3.8"
 - - [06/Nov/2022:12:30:06 +0000] "GET / HTTP/1.0" 200 13032 "-" "Mozilla/5.0 (Macintosh; Intel Mac OS X 10_12_6) AppleWebKit/603.3.8 (KHTML, like Gecko) Version/10.1.2 Safari/603.3.8"
 - - [06/Nov/2022:12:31:00 +0000] "GET / HTTP/1.0" 200 13032 "-" "Mozilla/5.0 (Macintosh; Intel Mac OS X 10_9_3) AppleWebKit/537.36 (KHTML, like Gecko) Chrome/35.0.1916.47 Safari/537.36"
 - - [06/Nov/2022:12:37:59 +0000] "GET /.git/config HTTP/1.0" 404 3825 "-" "Mozilla/5.0 (X11; Linux x86_64) AppleWebKit/537.36 (KHTML, like Gecko) Chrome/81.0.4044.129 Safari/537.36"
 - - [06/Nov/2022:13:14:34 +0000] "GET /.env HTTP/1.0" 404 3804 "-" "Mozilla/5.0 (X11; Linux x86_64) AppleWebKit/537.36 (KHTML, like Gecko) Chrome/81.0.4044.129 Safari/537.36"
 - - [06/Nov/2022:13:59:19 +0000] "GET / HTTP/1.0" 200 13032 "-" "Mozilla/5.0 (Windows NT 10.0; Win64; x64) AppleWebKit/537.36 (KHTML, like Gecko) Chrome/78.0.3904.108 Safari/537.36"
 - - [06/Nov/2022:13:59:19 +0000] "GET //wp-includes/wlwmanifest.xml HTTP/1.0" 404 3873 "-" "Mozilla/5.0 (Windows NT 10.0; Win64; x64) AppleWebKit/537.36 (KHTML, like Gecko) Chrome/78.0.3904.108 Safari/537.36"
 - - [06/Nov/2022:13:59:19 +0000] "GET //xmlrpc.php?rsd HTTP/1.0" 404 3826 "-" "Mozilla/5.0 (Windows NT 10.0; Win64; x64) AppleWebKit/537.36 (KHTML, like Gecko) Chrome/78.0.3904.108 Safari/537.36"
 - - [06/Nov/2022:13:59:19 +0000] "GET / HTTP/1.0" 200 13032 "-" "Mozilla/5.0 (Windows NT 10.0; Win64; x64) AppleWebKit/537.36 (KHTML, like Gecko) Chrome/78.0.3904.108 Safari/537.36"
 - - [06/Nov/2022:13:59:19 +0000] "GET //blog/wp-includes/wlwmanifest.xml HTTP/1.0" 404 3888 "-" "Mozilla/5.0 (Windows NT 10.0; Win64; x64) AppleWebKit/537.36 (KHTML, like Gecko) Chrome/78.0.3904.108 Safari/537.36"
 - - [06/Nov/2022:13:59:19 +0000] "GET //web/wp-includes/wlwmanifest.xml HTTP/1.0" 404 3885 "-" "Mozilla/5.0 (Windows NT 10.0; Win64; x64) AppleWebKit/537.36 (KHTML, like Gecko) Chrome/78.0.3904.108 Safari/537.36"
 - - [06/Nov/2022:13:59:20 +0000] "GET //wordpress/wp-includes/wlwmanifest.xml HTTP/1.0" 404 3903 "-" "Mozilla/5.0 (Windows NT 10.0; Win64; x64) AppleWebKit/537.36 (KHTML, like Gecko) Chrome/78.0.3904.108 Safari/537.36"
 - - [06/Nov/2022:13:59:20 +0000] "GET //website/wp-includes/wlwmanifest.xml HTTP/1.0" 404 3897 "-" "Mozilla/5.0 (Windows NT 10.0; Win64; x64) AppleWebKit/537.36 (KHTML, like Gecko) Chrome/78.0.3904.108 Safari/537.36"
 - - [06/Nov/2022:13:59:20 +0000] "GET //wp/wp-includes/wlwmanifest.xml HTTP/1.0" 404 3882 "-" "Mozilla/5.0 (Windows NT 10.0; Win64; x64) AppleWebKit/537.36 (KHTML, like Gecko) Chrome/78.0.3904.108 Safari/537.36"
 - - [06/Nov/2022:13:59:20 +0000] "GET //news/wp-includes/wlwmanifest.xml HTTP/1.0" 404 3888 "-" "Mozilla/5.0 (Windows NT 10.0; Win64; x64) AppleWebKit/537.36 (KHTML, like Gecko) Chrome/78.0.3904.108 Safari/537.36"
 - - [06/Nov/2022:13:59:20 +0000] "GET //2018/wp-includes/wlwmanifest.xml HTTP/1.0" 404 3888 "-" "Mozilla/5.0 (Windows NT 10.0; Win64; x64) AppleWebKit/537.36 (KHTML, like Gecko) Chrome/78.0.3904.108 Safari/537.36"
 - - [06/Nov/2022:13:59:21 +0000] "GET //2019/wp-includes/wlwmanifest.xml HTTP/1.0" 404 3888 "-" "Mozilla/5.0 (Windows NT 10.0; Win64; x64) AppleWebKit/537.36 (KHTML, like Gecko) Chrome/78.0.3904.108 Safari/537.36"
 - - [06/Nov/2022:13:59:21 +0000] "GET //shop/wp-includes/wlwmanifest.xml HTTP/1.0" 404 3888 "-" "Mozilla/5.0 (Windows NT 10.0; Win64; x64) AppleWebKit/537.36 (KHTML, like Gecko) Chrome/78.0.3904.108 Safari/537.36"
 - - [06/Nov/2022:13:59:21 +0000] "GET //wp1/wp-includes/wlwmanifest.xml HTTP/1.0" 404 3885 "-" "Mozilla/5.0 (Windows NT 10.0; Win64; x64) AppleWebKit/537.36 (KHTML, like Gecko) Chrome/78.0.3904.108 Safari/537.36"
 - - [06/Nov/2022:13:59:21 +0000] "GET //test/wp-includes/wlwmanifest.xml HTTP/1.0" 404 3888 "-" "Mozilla/5.0 (Windows NT 10.0; Win64; x64) AppleWebKit/537.36 (KHTML, like Gecko) Chrome/78.0.3904.108 Safari/537.36"
 - - [06/Nov/2022:13:59:21 +0000] "GET //media/wp-includes/wlwmanifest.xml HTTP/1.0" 404 3891 "-" "Mozilla/5.0 (Windows NT 10.0; Win64; x64) AppleWebKit/537.36 (KHTML, like Gecko) Chrome/78.0.3904.108 Safari/537.36"
 - - [06/Nov/2022:13:59:21 +0000] "GET //wp2/wp-includes/wlwmanifest.xml HTTP/1.0" 404 3885 "-" "Mozilla/5.0 (Windows NT 10.0; Win64; x64) AppleWebKit/537.36 (KHTML, like Gecko) Chrome/78.0.3904.108 Safari/537.36"
 - - [06/Nov/2022:13:59:22 +0000] "GET //site/wp-includes/wlwmanifest.xml HTTP/1.0" 404 3888 "-" "Mozilla/5.0 (Windows NT 10.0; Win64; x64) AppleWebKit/537.36 (KHTML, like Gecko) Chrome/78.0.3904.108 Safari/537.36"
 - - [06/Nov/2022:13:59:22 +0000] "GET //cms/wp-includes/wlwmanifest.xml HTTP/1.0" 404 3885 "-" "Mozilla/5.0 (Windows NT 10.0; Win64; x64) AppleWebKit/537.36 (KHTML, like Gecko) Chrome/78.0.3904.108 Safari/537.36"
 - - [06/Nov/2022:13:59:22 +0000] "GET //sito/wp-includes/wlwmanifest.xml HTTP/1.0" 404 3888 "-" "Mozilla/5.0 (Windows NT 10.0; Win64; x64) AppleWebKit/537.36 (KHTML, like Gecko) Chrome/78.0.3904.108 Safari/537.36"
 - - [06/Nov/2022:14:15:57 +0000] "GET / HTTP/1.0" 200 13032 "-" "Mozilla/5.0 (Windows NT 10.0; Win64; x64) AppleWebKit/537.36 (KHTML, like Gecko) Chrome/80.0.3987.149 Safari/537.36"
 - - [06/Nov/2022:14:16:13 +0000] "GET / HTTP/1.0" 200 13032 "-" "Mozilla/5.0 (Windows NT 10.0; Win64; x64) AppleWebKit/537.36 (KHTML, like Gecko) Chrome/42.0.2311.135 Safari/537.36 Edge/12.246"
 - - [06/Nov/2022:14:16:13 +0000] "GET /robots.txt HTTP/1.0" 404 3819 "-" "Mozilla/5.0 (Windows NT 10.0; Win64; x64) AppleWebKit/537.36 (KHTML, like Gecko) Chrome/42.0.2311.135 Safari/537.36 Edge/12.246"
 - - [06/Nov/2022:14:16:13 +0000] "GET /get_token HTTP/1.0" 200 4868 "https://vintaw.com/" "Mozilla/5.0 (Windows NT 10.0; Win64; x64) AppleWebKit/537.36 (KHTML, like Gecko) Chrome/42.0.2311.135 Safari/537.36 Edge/12.246"
 - - [06/Nov/2022:14:16:16 +0000] "GET /get_votations/a HTTP/1.0" 200 14229 "https://vintaw.com/" "Mozilla/5.0 (Windows NT 10.0; Win64; x64) AppleWebKit/537.36 (KHTML, like Gecko) Chrome/42.0.2311.135 Safari/537.36 Edge/12.246"
 - - [06/Nov/2022:14:16:16 +0000] "GET /create_votation HTTP/1.0" 200 6366 "https://vintaw.com/" "Mozilla/5.0 (Windows NT 10.0; Win64; x64) AppleWebKit/537.36 (KHTML, like Gecko) Chrome/42.0.2311.135 Safari/537.36 Edge/12.246"
 - - [06/Nov/2022:14:16:17 +0000] "GET /vota_free/9 HTTP/1.0" 200 13032 "https://vintaw.com/" "Mozilla/5.0 (Windows NT 10.0; Win64; x64) AppleWebKit/537.36 (KHTML, like Gecko) Chrome/42.0.2311.135 Safari/537.36 Edge/12.246"
 - - [06/Nov/2022:14:16:17 +0000] "GET /vota_free/10 HTTP/1.0" 200 13032 "https://vintaw.com/" "Mozilla/5.0 (Windows NT 10.0; Win64; x64) AppleWebKit/537.36 (KHTML, like Gecko) Chrome/42.0.2311.135 Safari/537.36 Edge/12.246"
 - - [06/Nov/2022:14:17:05 +0000] "GET / HTTP/1.0" 200 13032 "-" "Mozilla/5.0 (Windows NT 10.0; Win64; x64) AppleWebKit/537.36 (KHTML, like Gecko) Chrome/80.0.3987.149 Safari/537.36"
 - - [06/Nov/2022:14:17:21 +0000] "GET / HTTP/1.0" 200 13032 "-" "Mozilla/5.0 (Windows NT 10.0; Win64; x64) AppleWebKit/537.36 (KHTML, like Gecko) Chrome/80.0.3987.149 Safari/537.36"
 - - [06/Nov/2022:14:18:00 +0000] "GET / HTTP/1.0" 200 13032 "-" "Mozilla/5.0 (Windows NT 10.0; Win64; x64) AppleWebKit/537.36 (KHTML, like Gecko) Chrome/80.0.3987.149 Safari/537.36"
 - - [06/Nov/2022:14:18:09 +0000] "GET / HTTP/1.0" 200 13032 "-" "Mozilla/5.0 (Windows NT 10.0; Win64; x64) AppleWebKit/537.36 (KHTML, like Gecko) Chrome/80.0.3987.149 Safari/537.36"
 - - [06/Nov/2022:14:18:49 +0000] "GET /robots.txt HTTP/1.0" 404 3819 "-" "Mozilla/5.0 (Windows NT 10.0; Win64; x64) AppleWebKit/537.36 (KHTML, like Gecko) Chrome/80.0.3987.149 Safari/537.36"
 - - [06/Nov/2022:14:19:14 +0000] "GET /get_token HTTP/1.0" 200 4868 "-" "Mozilla/5.0 (Windows NT 10.0; Win64; x64) AppleWebKit/537.36 (KHTML, like Gecko) Chrome/80.0.3987.149 Safari/537.36"
 - - [06/Nov/2022:14:20:05 +0000] "GET /get_token HTTP/1.0" 200 4868 "-" "Mozilla/5.0 (Windows NT 10.0; Win64; x64) AppleWebKit/537.36 (KHTML, like Gecko) Chrome/80.0.3987.149 Safari/537.36"
 - - [06/Nov/2022:14:20:08 +0000] "GET /get_votations/a HTTP/1.0" 200 14229 "-" "Mozilla/5.0 (Windows NT 10.0; Win64; x64) AppleWebKit/537.36 (KHTML, like Gecko) Chrome/80.0.3987.149 Safari/537.36"
 - - [06/Nov/2022:14:20:10 +0000] "GET /get_votations/a HTTP/1.0" 200 14229 "-" "Mozilla/5.0 (Windows NT 10.0; Win64; x64) AppleWebKit/537.36 (KHTML, like Gecko) Chrome/80.0.3987.149 Safari/537.36"
 - - [06/Nov/2022:14:20:15 +0000] "GET /create_votation HTTP/1.0" 200 6366 "-" "Mozilla/5.0 (Windows NT 10.0; Win64; x64) AppleWebKit/537.36 (KHTML, like Gecko) Chrome/80.0.3987.149 Safari/537.36"
 - - [06/Nov/2022:14:20:52 +0000] "GET /create_votation HTTP/1.0" 200 6366 "-" "Mozilla/5.0 (Windows NT 10.0; Win64; x64) AppleWebKit/537.36 (KHTML, like Gecko) Chrome/80.0.3987.149 Safari/537.36"
 - - [06/Nov/2022:14:21:00 +0000] "GET /vota_free/9 HTTP/1.0" 200 13032 "-" "Mozilla/5.0 (Windows NT 10.0; Win64; x64) AppleWebKit/537.36 (KHTML, like Gecko) Chrome/80.0.3987.149 Safari/537.36"
 - - [06/Nov/2022:14:21:26 +0000] "GET /vota_free/9 HTTP/1.0" 200 13032 "-" "Mozilla/5.0 (Windows NT 10.0; Win64; x64) AppleWebKit/537.36 (KHTML, like Gecko) Chrome/80.0.3987.149 Safari/537.36"
 - - [06/Nov/2022:14:22:39 +0000] "GET /vota_free/10 HTTP/1.0" 200 13032 "-" "Mozilla/5.0 (Windows NT 10.0; Win64; x64) AppleWebKit/537.36 (KHTML, like Gecko) Chrome/80.0.3987.149 Safari/537.36"
 - - [06/Nov/2022:14:23:02 +0000] "GET /vota_free/10 HTTP/1.0" 200 13032 "-" "Mozilla/5.0 (Windows NT 10.0; Win64; x64) AppleWebKit/537.36 (KHTML, like Gecko) Chrome/80.0.3987.149 Safari/537.36"
 - - [06/Nov/2022:14:26:15 +0000] "GET /actuator/health HTTP/1.0" 404 3837 "-" "Mozilla/5.0 zgrab/0.x"
 - - [06/Nov/2022:14:34:52 +0000] "GET / HTTP/1.0" 200 13032 "-" "Mozilla/5.0 (Windows NT 10.0; Win64; x64) AppleWebKit/537.36 (KHTML, like Gecko) Chrome/94.0.4606.61 Safari/537.36"
 - - [06/Nov/2022:14:34:53 +0000] "GET /favicon.ico HTTP/1.0" 404 3822 "-" "Mozilla/5.0 (Windows NT 10.0; Win64; x64) AppleWebKit/537.36 (KHTML, like Gecko) Chrome/94.0.4606.61 Safari/537.36"
 - - [06/Nov/2022:15:16:08 +0000] "GET / HTTP/1.0" 200 13032 "-" "Mozilla/5.0 (Windows NT 10.0; Win64; x64) AppleWebKit/537.36 (KHTML, like Gecko) Chrome/78.0.3904.108 Safari/537.36"
 - - [06/Nov/2022:15:16:08 +0000] "GET //wp-includes/wlwmanifest.xml HTTP/1.0" 404 3873 "-" "Mozilla/5.0 (Windows NT 10.0; Win64; x64) AppleWebKit/537.36 (KHTML, like Gecko) Chrome/78.0.3904.108 Safari/537.36"
 - - [06/Nov/2022:15:16:08 +0000] "GET //xmlrpc.php?rsd HTTP/1.0" 404 3826 "-" "Mozilla/5.0 (Windows NT 10.0; Win64; x64) AppleWebKit/537.36 (KHTML, like Gecko) Chrome/78.0.3904.108 Safari/537.36"
 - - [06/Nov/2022:15:16:08 +0000] "GET / HTTP/1.0" 200 13032 "-" "Mozilla/5.0 (Windows NT 10.0; Win64; x64) AppleWebKit/537.36 (KHTML, like Gecko) Chrome/78.0.3904.108 Safari/537.36"
 - - [06/Nov/2022:15:16:09 +0000] "GET //blog/wp-includes/wlwmanifest.xml HTTP/1.0" 404 3888 "-" "Mozilla/5.0 (Windows NT 10.0; Win64; x64) AppleWebKit/537.36 (KHTML, like Gecko) Chrome/78.0.3904.108 Safari/537.36"
 - - [06/Nov/2022:15:16:09 +0000] "GET //web/wp-includes/wlwmanifest.xml HTTP/1.0" 404 3885 "-" "Mozilla/5.0 (Windows NT 10.0; Win64; x64) AppleWebKit/537.36 (KHTML, like Gecko) Chrome/78.0.3904.108 Safari/537.36"
 - - [06/Nov/2022:15:16:09 +0000] "GET //wordpress/wp-includes/wlwmanifest.xml HTTP/1.0" 404 3903 "-" "Mozilla/5.0 (Windows NT 10.0; Win64; x64) AppleWebKit/537.36 (KHTML, like Gecko) Chrome/78.0.3904.108 Safari/537.36"
 - - [06/Nov/2022:15:16:09 +0000] "GET //website/wp-includes/wlwmanifest.xml HTTP/1.0" 404 3897 "-" "Mozilla/5.0 (Windows NT 10.0; Win64; x64) AppleWebKit/537.36 (KHTML, like Gecko) Chrome/78.0.3904.108 Safari/537.36"
 - - [06/Nov/2022:15:16:10 +0000] "GET //wp/wp-includes/wlwmanifest.xml HTTP/1.0" 404 3882 "-" "Mozilla/5.0 (Windows NT 10.0; Win64; x64) AppleWebKit/537.36 (KHTML, like Gecko) Chrome/78.0.3904.108 Safari/537.36"
 - - [06/Nov/2022:15:16:10 +0000] "GET //news/wp-includes/wlwmanifest.xml HTTP/1.0" 404 3888 "-" "Mozilla/5.0 (Windows NT 10.0; Win64; x64) AppleWebKit/537.36 (KHTML, like Gecko) Chrome/78.0.3904.108 Safari/537.36"
 - - [06/Nov/2022:15:16:10 +0000] "GET //2018/wp-includes/wlwmanifest.xml HTTP/1.0" 404 3888 "-" "Mozilla/5.0 (Windows NT 10.0; Win64; x64) AppleWebKit/537.36 (KHTML, like Gecko) Chrome/78.0.3904.108 Safari/537.36"
 - - [06/Nov/2022:15:16:10 +0000] "GET //2019/wp-includes/wlwmanifest.xml HTTP/1.0" 404 3888 "-" "Mozilla/5.0 (Windows NT 10.0; Win64; x64) AppleWebKit/537.36 (KHTML, like Gecko) Chrome/78.0.3904.108 Safari/537.36"
 - - [06/Nov/2022:15:16:10 +0000] "GET //shop/wp-includes/wlwmanifest.xml HTTP/1.0" 404 3888 "-" "Mozilla/5.0 (Windows NT 10.0; Win64; x64) AppleWebKit/537.36 (KHTML, like Gecko) Chrome/78.0.3904.108 Safari/537.36"
 - - [06/Nov/2022:15:16:11 +0000] "GET //wp1/wp-includes/wlwmanifest.xml HTTP/1.0" 404 3885 "-" "Mozilla/5.0 (Windows NT 10.0; Win64; x64) AppleWebKit/537.36 (KHTML, like Gecko) Chrome/78.0.3904.108 Safari/537.36"
 - - [06/Nov/2022:15:16:11 +0000] "GET //test/wp-includes/wlwmanifest.xml HTTP/1.0" 404 3888 "-" "Mozilla/5.0 (Windows NT 10.0; Win64; x64) AppleWebKit/537.36 (KHTML, like Gecko) Chrome/78.0.3904.108 Safari/537.36"
 - - [06/Nov/2022:15:16:11 +0000] "GET //media/wp-includes/wlwmanifest.xml HTTP/1.0" 404 3891 "-" "Mozilla/5.0 (Windows NT 10.0; Win64; x64) AppleWebKit/537.36 (KHTML, like Gecko) Chrome/78.0.3904.108 Safari/537.36"
 - - [06/Nov/2022:15:16:11 +0000] "GET //wp2/wp-includes/wlwmanifest.xml HTTP/1.0" 404 3885 "-" "Mozilla/5.0 (Windows NT 10.0; Win64; x64) AppleWebKit/537.36 (KHTML, like Gecko) Chrome/78.0.3904.108 Safari/537.36"
 - - [06/Nov/2022:15:16:12 +0000] "GET //site/wp-includes/wlwmanifest.xml HTTP/1.0" 404 3888 "-" "Mozilla/5.0 (Windows NT 10.0; Win64; x64) AppleWebKit/537.36 (KHTML, like Gecko) Chrome/78.0.3904.108 Safari/537.36"
 - - [06/Nov/2022:15:16:12 +0000] "GET //cms/wp-includes/wlwmanifest.xml HTTP/1.0" 404 3885 "-" "Mozilla/5.0 (Windows NT 10.0; Win64; x64) AppleWebKit/537.36 (KHTML, like Gecko) Chrome/78.0.3904.108 Safari/537.36"
 - - [06/Nov/2022:15:16:12 +0000] "GET //sito/wp-includes/wlwmanifest.xml HTTP/1.0" 404 3888 "-" "Mozilla/5.0 (Windows NT 10.0; Win64; x64) AppleWebKit/537.36 (KHTML, like Gecko) Chrome/78.0.3904.108 Safari/537.36"
 - - [06/Nov/2022:15:31:19 +0000] "GET /ab2g HTTP/1.0" 404 3804 "-" "Mozilla/5.0 zgrab/0.x"
 - - [06/Nov/2022:15:31:19 +0000] "GET /ab2h HTTP/1.0" 404 3804 "-" "Mozilla/5.0 zgrab/0.x"
 - - [06/Nov/2022:15:31:21 +0000] "GET / HTTP/1.0" 200 13032 "-" "Mozilla/5.0 zgrab/0.x"
 - - [06/Nov/2022:16:30:17 +0000] "GET / HTTP/1.0" 200 13032 "-" "Mozilla/5.0 (Windows NT 10.0; Win64; x64) AppleWebKit/537.36 (KHTML, like Gecko) Chrome/78.0.3904.108 Safari/537.36"
 - - [06/Nov/2022:16:30:17 +0000] "GET //wp-includes/wlwmanifest.xml HTTP/1.0" 404 3873 "-" "Mozilla/5.0 (Windows NT 10.0; Win64; x64) AppleWebKit/537.36 (KHTML, like Gecko) Chrome/78.0.3904.108 Safari/537.36"
 - - [06/Nov/2022:16:30:17 +0000] "GET //xmlrpc.php?rsd HTTP/1.0" 404 3826 "-" "Mozilla/5.0 (Windows NT 10.0; Win64; x64) AppleWebKit/537.36 (KHTML, like Gecko) Chrome/78.0.3904.108 Safari/537.36"
 - - [06/Nov/2022:16:30:17 +0000] "GET / HTTP/1.0" 200 13032 "-" "Mozilla/5.0 (Windows NT 10.0; Win64; x64) AppleWebKit/537.36 (KHTML, like Gecko) Chrome/78.0.3904.108 Safari/537.36"
 - - [06/Nov/2022:16:30:17 +0000] "GET //blog/wp-includes/wlwmanifest.xml HTTP/1.0" 404 3888 "-" "Mozilla/5.0 (Windows NT 10.0; Win64; x64) AppleWebKit/537.36 (KHTML, like Gecko) Chrome/78.0.3904.108 Safari/537.36"
 - - [06/Nov/2022:16:30:17 +0000] "GET //web/wp-includes/wlwmanifest.xml HTTP/1.0" 404 3885 "-" "Mozilla/5.0 (Windows NT 10.0; Win64; x64) AppleWebKit/537.36 (KHTML, like Gecko) Chrome/78.0.3904.108 Safari/537.36"
 - - [06/Nov/2022:16:30:17 +0000] "GET //wordpress/wp-includes/wlwmanifest.xml HTTP/1.0" 404 3903 "-" "Mozilla/5.0 (Windows NT 10.0; Win64; x64) AppleWebKit/537.36 (KHTML, like Gecko) Chrome/78.0.3904.108 Safari/537.36"
 - - [06/Nov/2022:16:30:17 +0000] "GET //website/wp-includes/wlwmanifest.xml HTTP/1.0" 404 3897 "-" "Mozilla/5.0 (Windows NT 10.0; Win64; x64) AppleWebKit/537.36 (KHTML, like Gecko) Chrome/78.0.3904.108 Safari/537.36"
 - - [06/Nov/2022:16:30:17 +0000] "GET //wp/wp-includes/wlwmanifest.xml HTTP/1.0" 404 3882 "-" "Mozilla/5.0 (Windows NT 10.0; Win64; x64) AppleWebKit/537.36 (KHTML, like Gecko) Chrome/78.0.3904.108 Safari/537.36"
 - - [06/Nov/2022:16:30:17 +0000] "GET //news/wp-includes/wlwmanifest.xml HTTP/1.0" 404 3888 "-" "Mozilla/5.0 (Windows NT 10.0; Win64; x64) AppleWebKit/537.36 (KHTML, like Gecko) Chrome/78.0.3904.108 Safari/537.36"
 - - [06/Nov/2022:16:30:17 +0000] "GET //2018/wp-includes/wlwmanifest.xml HTTP/1.0" 404 3888 "-" "Mozilla/5.0 (Windows NT 10.0; Win64; x64) AppleWebKit/537.36 (KHTML, like Gecko) Chrome/78.0.3904.108 Safari/537.36"
 - - [06/Nov/2022:16:30:17 +0000] "GET //2019/wp-includes/wlwmanifest.xml HTTP/1.0" 404 3888 "-" "Mozilla/5.0 (Windows NT 10.0; Win64; x64) AppleWebKit/537.36 (KHTML, like Gecko) Chrome/78.0.3904.108 Safari/537.36"
 - - [06/Nov/2022:16:30:17 +0000] "GET //shop/wp-includes/wlwmanifest.xml HTTP/1.0" 404 3888 "-" "Mozilla/5.0 (Windows NT 10.0; Win64; x64) AppleWebKit/537.36 (KHTML, like Gecko) Chrome/78.0.3904.108 Safari/537.36"
 - - [06/Nov/2022:16:30:17 +0000] "GET //wp1/wp-includes/wlwmanifest.xml HTTP/1.0" 404 3885 "-" "Mozilla/5.0 (Windows NT 10.0; Win64; x64) AppleWebKit/537.36 (KHTML, like Gecko) Chrome/78.0.3904.108 Safari/537.36"
 - - [06/Nov/2022:16:30:17 +0000] "GET //test/wp-includes/wlwmanifest.xml HTTP/1.0" 404 3888 "-" "Mozilla/5.0 (Windows NT 10.0; Win64; x64) AppleWebKit/537.36 (KHTML, like Gecko) Chrome/78.0.3904.108 Safari/537.36"
 - - [06/Nov/2022:16:30:18 +0000] "GET //media/wp-includes/wlwmanifest.xml HTTP/1.0" 404 3891 "-" "Mozilla/5.0 (Windows NT 10.0; Win64; x64) AppleWebKit/537.36 (KHTML, like Gecko) Chrome/78.0.3904.108 Safari/537.36"
 - - [06/Nov/2022:16:30:18 +0000] "GET //wp2/wp-includes/wlwmanifest.xml HTTP/1.0" 404 3885 "-" "Mozilla/5.0 (Windows NT 10.0; Win64; x64) AppleWebKit/537.36 (KHTML, like Gecko) Chrome/78.0.3904.108 Safari/537.36"
 - - [06/Nov/2022:16:30:18 +0000] "GET //site/wp-includes/wlwmanifest.xml HTTP/1.0" 404 3888 "-" "Mozilla/5.0 (Windows NT 10.0; Win64; x64) AppleWebKit/537.36 (KHTML, like Gecko) Chrome/78.0.3904.108 Safari/537.36"
 - - [06/Nov/2022:16:30:18 +0000] "GET //cms/wp-includes/wlwmanifest.xml HTTP/1.0" 404 3885 "-" "Mozilla/5.0 (Windows NT 10.0; Win64; x64) AppleWebKit/537.36 (KHTML, like Gecko) Chrome/78.0.3904.108 Safari/537.36"
 - - [06/Nov/2022:16:30:18 +0000] "GET //sito/wp-includes/wlwmanifest.xml HTTP/1.0" 404 3888 "-" "Mozilla/5.0 (Windows NT 10.0; Win64; x64) AppleWebKit/537.36 (KHTML, like Gecko) Chrome/78.0.3904.108 Safari/537.36"
 - - [06/Nov/2022:16:33:37 +0000] "GET / HTTP/1.0" 200 13032 "-" "'Mozilla/5.0 project_patchwatch'"
 - - [06/Nov/2022:17:09:25 +0000] "GET / HTTP/1.0" 200 13032 "-" "Mozilla/5.0 (Windows NT 10.0; Win64; x64) AppleWebKit/537.36 (KHTML, like Gecko) Chrome/79.0 Safari/537.36"
 - - [06/Nov/2022:17:09:26 +0000] "GET //wp-includes/wlwmanifest.xml HTTP/1.0" 404 3873 "-" "Mozilla/5.0 (Windows NT 10.0; Win64; x64) AppleWebKit/537.36 (KHTML, like Gecko) Chrome/79.0 Safari/537.36"
 - - [06/Nov/2022:17:09:26 +0000] "GET //xmlrpc.php?rsd HTTP/1.0" 404 3826 "-" "Mozilla/5.0 (Windows NT 10.0; Win64; x64) AppleWebKit/537.36 (KHTML, like Gecko) Chrome/79.0 Safari/537.36"
 - - [06/Nov/2022:17:09:26 +0000] "GET / HTTP/1.0" 200 13032 "-" "Mozilla/5.0 (Windows NT 10.0; Win64; x64) AppleWebKit/537.36 (KHTML, like Gecko) Chrome/79.0 Safari/537.36"
 - - [06/Nov/2022:17:09:26 +0000] "GET //blog/wp-includes/wlwmanifest.xml HTTP/1.0" 404 3888 "-" "Mozilla/5.0 (Windows NT 10.0; Win64; x64) AppleWebKit/537.36 (KHTML, like Gecko) Chrome/79.0 Safari/537.36"
 - - [06/Nov/2022:17:09:26 +0000] "GET //web/wp-includes/wlwmanifest.xml HTTP/1.0" 404 3885 "-" "Mozilla/5.0 (Windows NT 10.0; Win64; x64) AppleWebKit/537.36 (KHTML, like Gecko) Chrome/79.0 Safari/537.36"
 - - [06/Nov/2022:17:09:27 +0000] "GET //wordpress/wp-includes/wlwmanifest.xml HTTP/1.0" 404 3903 "-" "Mozilla/5.0 (Windows NT 10.0; Win64; x64) AppleWebKit/537.36 (KHTML, like Gecko) Chrome/79.0 Safari/537.36"
 - - [06/Nov/2022:17:09:27 +0000] "GET //website/wp-includes/wlwmanifest.xml HTTP/1.0" 404 3897 "-" "Mozilla/5.0 (Windows NT 10.0; Win64; x64) AppleWebKit/537.36 (KHTML, like Gecko) Chrome/79.0 Safari/537.36"
 - - [06/Nov/2022:17:09:27 +0000] "GET //wp/wp-includes/wlwmanifest.xml HTTP/1.0" 404 3882 "-" "Mozilla/5.0 (Windows NT 10.0; Win64; x64) AppleWebKit/537.36 (KHTML, like Gecko) Chrome/79.0 Safari/537.36"
 - - [06/Nov/2022:17:09:27 +0000] "GET //news/wp-includes/wlwmanifest.xml HTTP/1.0" 404 3888 "-" "Mozilla/5.0 (Windows NT 10.0; Win64; x64) AppleWebKit/537.36 (KHTML, like Gecko) Chrome/79.0 Safari/537.36"
 - - [06/Nov/2022:17:09:27 +0000] "GET //wp1/wp-includes/wlwmanifest.xml HTTP/1.0" 404 3885 "-" "Mozilla/5.0 (Windows NT 10.0; Win64; x64) AppleWebKit/537.36 (KHTML, like Gecko) Chrome/79.0 Safari/537.36"
 - - [06/Nov/2022:17:09:28 +0000] "GET //test/wp-includes/wlwmanifest.xml HTTP/1.0" 404 3888 "-" "Mozilla/5.0 (Windows NT 10.0; Win64; x64) AppleWebKit/537.36 (KHTML, like Gecko) Chrome/79.0 Safari/537.36"
 - - [06/Nov/2022:17:09:28 +0000] "GET //wp2/wp-includes/wlwmanifest.xml HTTP/1.0" 404 3885 "-" "Mozilla/5.0 (Windows NT 10.0; Win64; x64) AppleWebKit/537.36 (KHTML, like Gecko) Chrome/79.0 Safari/537.36"
 - - [06/Nov/2022:17:09:28 +0000] "GET //site/wp-includes/wlwmanifest.xml HTTP/1.0" 404 3888 "-" "Mozilla/5.0 (Windows NT 10.0; Win64; x64) AppleWebKit/537.36 (KHTML, like Gecko) Chrome/79.0 Safari/537.36"
 - - [06/Nov/2022:17:09:28 +0000] "GET //cms/wp-includes/wlwmanifest.xml HTTP/1.0" 404 3885 "-" "Mozilla/5.0 (Windows NT 10.0; Win64; x64) AppleWebKit/537.36 (KHTML, like Gecko) Chrome/79.0 Safari/537.36"
 - - [06/Nov/2022:17:09:28 +0000] "GET //sito/wp-includes/wlwmanifest.xml HTTP/1.0" 404 3888 "-" "Mozilla/5.0 (Windows NT 10.0; Win64; x64) AppleWebKit/537.36 (KHTML, like Gecko) Chrome/79.0 Safari/537.36"
 - - [06/Nov/2022:18:21:17 +0000] "GET / HTTP/1.0" 200 13032 "-" "Mozilla/5.0 (Windows NT 10.0; WOW64) AppleWebKit/537.36 (KHTML, like Gecko) Chrome/66.0.3359.117 Safari/537.36"
 - - [06/Nov/2022:18:33:42 +0000] "GET / HTTP/1.0" 200 13032 "-" "Mozilla/5.0 (Macintosh; Intel Mac OS X 10.11; rv:47.0) Gecko/20100101 Firefox/47.0"
 - - [06/Nov/2022:18:54:52 +0000] "GET /.env HTTP/1.0" 404 3801 "-" "Mozilla/5.0 (Macintosh; Intel Mac OS X 10.15; rv:77.0) Gecko/20100101 Firefox/77.0"
 - - [06/Nov/2022:18:54:53 +0000] "GET /wp-content/ HTTP/1.0" 404 3822 "-" "Mozilla/5.0 (Macintosh; Intel Mac OS X 10.15; rv:77.0) Gecko/20100101 Firefox/77.0"
 - - [06/Nov/2022:19:02:22 +0000] "GET / HTTP/1.0" 200 13032 "-" "Mozilla/5.0 (Windows NT 10.0; Win64; x64) AppleWebKit/537.36 (KHTML, like Gecko) Chrome/88.0.4324.190 Safari/537.36"
 - - [06/Nov/2022:19:45:59 +0000] "GET / HTTP/1.0" 200 13032 "https://164.92.97.249" "Mozilla/5.0 (Windows NT 10.0; Win64; x64; rv:104.0) Gecko/20100101 Firefox/104.0"
 - - [06/Nov/2022:20:18:16 +0000] "GET /wp-admin/setup-config.php?step=1 HTTP/1.0" 404 3871 "-" "Apache/2.4.34 (Ubuntu) OpenSSL/1.1.1 (internal dummy connection)"
 - - [06/Nov/2022:20:18:16 +0000] "GET /wp-admin/install.php?step=1 HTTP/1.0" 404 3856 "-" "Apache/2.4.34 (Ubuntu) OpenSSL/1.1.1 (internal dummy connection)"
 - - [06/Nov/2022:20:31:35 +0000] "GET / HTTP/1.0" 200 13032 "-" "-"
 - - [06/Nov/2022:20:31:36 +0000] "GET / HTTP/1.0" 200 13032 "-" "Mozilla/5.0 (compatible; CensysInspect/1.1; +https://about.censys.io/)"
 - - [06/Nov/2022:20:31:37 +0000] "GET / HTTP/1.0" 200 13032 "-" "Mozilla/5.0 (compatible; CensysInspect/1.1; +https://about.censys.io/)"
 - - [06/Nov/2022:20:31:37 +0000] "GET /favicon.ico HTTP/1.0" 404 3822 "-" "Mozilla/5.0 (compatible; CensysInspect/1.1; +https://about.censys.io/)"
 - - [06/Nov/2022:20:31:38 +0000] "GET /favicon.ico HTTP/1.0" 404 3822 "-" "Mozilla/5.0 (compatible; CensysInspect/1.1; +https://about.censys.io/)"
 - - [06/Nov/2022:20:35:24 +0000] "GET / HTTP/1.0" 200 13032 "-" "-"
 - - [06/Nov/2022:20:40:05 +0000] "GET / HTTP/1.0" 200 13032 "-" "Mozilla/5.0 (Windows NT 10.0; Win64; x64) AppleWebKit/537.36 (KHTML, like Gecko) Chrome/78.0.3904.108 Safari/537.36"
 - - [06/Nov/2022:20:40:05 +0000] "GET //wp-includes/wlwmanifest.xml HTTP/1.0" 404 3873 "-" "Mozilla/5.0 (Windows NT 10.0; Win64; x64) AppleWebKit/537.36 (KHTML, like Gecko) Chrome/78.0.3904.108 Safari/537.36"
 - - [06/Nov/2022:20:40:05 +0000] "GET //xmlrpc.php?rsd HTTP/1.0" 404 3826 "-" "Mozilla/5.0 (Windows NT 10.0; Win64; x64) AppleWebKit/537.36 (KHTML, like Gecko) Chrome/78.0.3904.108 Safari/537.36"
 - - [06/Nov/2022:20:40:05 +0000] "GET / HTTP/1.0" 200 13032 "-" "Mozilla/5.0 (Windows NT 10.0; Win64; x64) AppleWebKit/537.36 (KHTML, like Gecko) Chrome/78.0.3904.108 Safari/537.36"
 - - [06/Nov/2022:20:40:06 +0000] "GET //blog/wp-includes/wlwmanifest.xml HTTP/1.0" 404 3888 "-" "Mozilla/5.0 (Windows NT 10.0; Win64; x64) AppleWebKit/537.36 (KHTML, like Gecko) Chrome/78.0.3904.108 Safari/537.36"
 - - [06/Nov/2022:20:40:06 +0000] "GET //web/wp-includes/wlwmanifest.xml HTTP/1.0" 404 3885 "-" "Mozilla/5.0 (Windows NT 10.0; Win64; x64) AppleWebKit/537.36 (KHTML, like Gecko) Chrome/78.0.3904.108 Safari/537.36"
 - - [06/Nov/2022:20:40:06 +0000] "GET //wordpress/wp-includes/wlwmanifest.xml HTTP/1.0" 404 3903 "-" "Mozilla/5.0 (Windows NT 10.0; Win64; x64) AppleWebKit/537.36 (KHTML, like Gecko) Chrome/78.0.3904.108 Safari/537.36"
 - - [06/Nov/2022:20:40:06 +0000] "GET //website/wp-includes/wlwmanifest.xml HTTP/1.0" 404 3897 "-" "Mozilla/5.0 (Windows NT 10.0; Win64; x64) AppleWebKit/537.36 (KHTML, like Gecko) Chrome/78.0.3904.108 Safari/537.36"
 - - [06/Nov/2022:20:40:06 +0000] "GET //wp/wp-includes/wlwmanifest.xml HTTP/1.0" 404 3882 "-" "Mozilla/5.0 (Windows NT 10.0; Win64; x64) AppleWebKit/537.36 (KHTML, like Gecko) Chrome/78.0.3904.108 Safari/537.36"
 - - [06/Nov/2022:20:40:07 +0000] "GET //news/wp-includes/wlwmanifest.xml HTTP/1.0" 404 3888 "-" "Mozilla/5.0 (Windows NT 10.0; Win64; x64) AppleWebKit/537.36 (KHTML, like Gecko) Chrome/78.0.3904.108 Safari/537.36"
 - - [06/Nov/2022:20:40:07 +0000] "GET //2018/wp-includes/wlwmanifest.xml HTTP/1.0" 404 3888 "-" "Mozilla/5.0 (Windows NT 10.0; Win64; x64) AppleWebKit/537.36 (KHTML, like Gecko) Chrome/78.0.3904.108 Safari/537.36"
 - - [06/Nov/2022:20:40:07 +0000] "GET //2019/wp-includes/wlwmanifest.xml HTTP/1.0" 404 3888 "-" "Mozilla/5.0 (Windows NT 10.0; Win64; x64) AppleWebKit/537.36 (KHTML, like Gecko) Chrome/78.0.3904.108 Safari/537.36"
 - - [06/Nov/2022:20:40:07 +0000] "GET //shop/wp-includes/wlwmanifest.xml HTTP/1.0" 404 3888 "-" "Mozilla/5.0 (Windows NT 10.0; Win64; x64) AppleWebKit/537.36 (KHTML, like Gecko) Chrome/78.0.3904.108 Safari/537.36"
 - - [06/Nov/2022:20:40:07 +0000] "GET //wp1/wp-includes/wlwmanifest.xml HTTP/1.0" 404 3885 "-" "Mozilla/5.0 (Windows NT 10.0; Win64; x64) AppleWebKit/537.36 (KHTML, like Gecko) Chrome/78.0.3904.108 Safari/537.36"
 - - [06/Nov/2022:20:40:08 +0000] "GET //test/wp-includes/wlwmanifest.xml HTTP/1.0" 404 3888 "-" "Mozilla/5.0 (Windows NT 10.0; Win64; x64) AppleWebKit/537.36 (KHTML, like Gecko) Chrome/78.0.3904.108 Safari/537.36"
 - - [06/Nov/2022:20:40:08 +0000] "GET //media/wp-includes/wlwmanifest.xml HTTP/1.0" 404 3891 "-" "Mozilla/5.0 (Windows NT 10.0; Win64; x64) AppleWebKit/537.36 (KHTML, like Gecko) Chrome/78.0.3904.108 Safari/537.36"
 - - [06/Nov/2022:20:40:08 +0000] "GET //wp2/wp-includes/wlwmanifest.xml HTTP/1.0" 404 3885 "-" "Mozilla/5.0 (Windows NT 10.0; Win64; x64) AppleWebKit/537.36 (KHTML, like Gecko) Chrome/78.0.3904.108 Safari/537.36"
 - - [06/Nov/2022:20:40:08 +0000] "GET //site/wp-includes/wlwmanifest.xml HTTP/1.0" 404 3888 "-" "Mozilla/5.0 (Windows NT 10.0; Win64; x64) AppleWebKit/537.36 (KHTML, like Gecko) Chrome/78.0.3904.108 Safari/537.36"
 - - [06/Nov/2022:20:40:08 +0000] "GET //cms/wp-includes/wlwmanifest.xml HTTP/1.0" 404 3885 "-" "Mozilla/5.0 (Windows NT 10.0; Win64; x64) AppleWebKit/537.36 (KHTML, like Gecko) Chrome/78.0.3904.108 Safari/537.36"
 - - [06/Nov/2022:20:40:09 +0000] "GET //sito/wp-includes/wlwmanifest.xml HTTP/1.0" 404 3888 "-" "Mozilla/5.0 (Windows NT 10.0; Win64; x64) AppleWebKit/537.36 (KHTML, like Gecko) Chrome/78.0.3904.108 Safari/537.36"
 - - [06/Nov/2022:22:01:16 +0000] "GET / HTTP/1.0" 200 13032 "-" "-"
 - - [06/Nov/2022:22:01:17 +0000] "GET / HTTP/1.0" 200 13032 "-" "Mozilla/5.0 (compatible; CensysInspect/1.1; +https://about.censys.io/)"
 - - [06/Nov/2022:22:01:17 +0000] "GET /favicon.ico HTTP/1.0" 404 3825 "-" "Mozilla/5.0 (compatible; CensysInspect/1.1; +https://about.censys.io/)"
 - - [06/Nov/2022:22:10:22 +0000] "GET / HTTP/1.0" 200 13032 "-" "Mozilla/5.0"
 - - [06/Nov/2022:22:24:49 +0000] "GET / HTTP/1.0" 200 13032 "-" "Mozilla/5.0 (Windows NT 10.0; Win64; x64) AppleWebKit/537.36 (KHTML, like Gecko) Chrome/80.0.3987.149 Safari/537.36"
 - - [06/Nov/2022:22:24:49 +0000] "GET //wp-includes/wlwmanifest.xml HTTP/1.0" 404 3873 "-" "Mozilla/5.0 (Windows NT 10.0; Win64; x64) AppleWebKit/537.36 (KHTML, like Gecko) Chrome/80.0.3987.149 Safari/537.36"
 - - [06/Nov/2022:22:24:49 +0000] "GET //xmlrpc.php?rsd HTTP/1.0" 404 3826 "-" "Mozilla/5.0 (Windows NT 10.0; Win64; x64) AppleWebKit/537.36 (KHTML, like Gecko) Chrome/80.0.3987.149 Safari/537.36"
 - - [06/Nov/2022:22:24:50 +0000] "GET / HTTP/1.0" 200 13032 "-" "Mozilla/5.0 (Windows NT 10.0; Win64; x64) AppleWebKit/537.36 (KHTML, like Gecko) Chrome/80.0.3987.149 Safari/537.36"
 - - [06/Nov/2022:22:24:50 +0000] "GET //blog/wp-includes/wlwmanifest.xml HTTP/1.0" 404 3888 "-" "Mozilla/5.0 (Windows NT 10.0; Win64; x64) AppleWebKit/537.36 (KHTML, like Gecko) Chrome/80.0.3987.149 Safari/537.36"
 - - [06/Nov/2022:22:24:50 +0000] "GET //web/wp-includes/wlwmanifest.xml HTTP/1.0" 404 3885 "-" "Mozilla/5.0 (Windows NT 10.0; Win64; x64) AppleWebKit/537.36 (KHTML, like Gecko) Chrome/80.0.3987.149 Safari/537.36"
 - - [06/Nov/2022:22:24:50 +0000] "GET //wordpress/wp-includes/wlwmanifest.xml HTTP/1.0" 404 3903 "-" "Mozilla/5.0 (Windows NT 10.0; Win64; x64) AppleWebKit/537.36 (KHTML, like Gecko) Chrome/80.0.3987.149 Safari/537.36"
 - - [06/Nov/2022:22:24:51 +0000] "GET //website/wp-includes/wlwmanifest.xml HTTP/1.0" 404 3897 "-" "Mozilla/5.0 (Windows NT 10.0; Win64; x64) AppleWebKit/537.36 (KHTML, like Gecko) Chrome/80.0.3987.149 Safari/537.36"
 - - [06/Nov/2022:22:24:51 +0000] "GET //wp/wp-includes/wlwmanifest.xml HTTP/1.0" 404 3882 "-" "Mozilla/5.0 (Windows NT 10.0; Win64; x64) AppleWebKit/537.36 (KHTML, like Gecko) Chrome/80.0.3987.149 Safari/537.36"
 - - [06/Nov/2022:22:24:51 +0000] "GET //news/wp-includes/wlwmanifest.xml HTTP/1.0" 404 3888 "-" "Mozilla/5.0 (Windows NT 10.0; Win64; x64) AppleWebKit/537.36 (KHTML, like Gecko) Chrome/80.0.3987.149 Safari/537.36"
 - - [06/Nov/2022:22:24:51 +0000] "GET //2018/wp-includes/wlwmanifest.xml HTTP/1.0" 404 3888 "-" "Mozilla/5.0 (Windows NT 10.0; Win64; x64) AppleWebKit/537.36 (KHTML, like Gecko) Chrome/80.0.3987.149 Safari/537.36"
 - - [06/Nov/2022:22:24:52 +0000] "GET //2019/wp-includes/wlwmanifest.xml HTTP/1.0" 404 3888 "-" "Mozilla/5.0 (Windows NT 10.0; Win64; x64) AppleWebKit/537.36 (KHTML, like Gecko) Chrome/80.0.3987.149 Safari/537.36"
 - - [06/Nov/2022:22:24:52 +0000] "GET //shop/wp-includes/wlwmanifest.xml HTTP/1.0" 404 3888 "-" "Mozilla/5.0 (Windows NT 10.0; Win64; x64) AppleWebKit/537.36 (KHTML, like Gecko) Chrome/80.0.3987.149 Safari/537.36"
 - - [06/Nov/2022:22:24:52 +0000] "GET //wp1/wp-includes/wlwmanifest.xml HTTP/1.0" 404 3885 "-" "Mozilla/5.0 (Windows NT 10.0; Win64; x64) AppleWebKit/537.36 (KHTML, like Gecko) Chrome/80.0.3987.149 Safari/537.36"
 - - [06/Nov/2022:22:24:52 +0000] "GET //test/wp-includes/wlwmanifest.xml HTTP/1.0" 404 3888 "-" "Mozilla/5.0 (Windows NT 10.0; Win64; x64) AppleWebKit/537.36 (KHTML, like Gecko) Chrome/80.0.3987.149 Safari/537.36"
 - - [06/Nov/2022:22:24:53 +0000] "GET //media/wp-includes/wlwmanifest.xml HTTP/1.0" 404 3891 "-" "Mozilla/5.0 (Windows NT 10.0; Win64; x64) AppleWebKit/537.36 (KHTML, like Gecko) Chrome/80.0.3987.149 Safari/537.36"
 - - [06/Nov/2022:22:24:53 +0000] "GET //wp2/wp-includes/wlwmanifest.xml HTTP/1.0" 404 3885 "-" "Mozilla/5.0 (Windows NT 10.0; Win64; x64) AppleWebKit/537.36 (KHTML, like Gecko) Chrome/80.0.3987.149 Safari/537.36"
 - - [06/Nov/2022:22:24:53 +0000] "GET //site/wp-includes/wlwmanifest.xml HTTP/1.0" 404 3888 "-" "Mozilla/5.0 (Windows NT 10.0; Win64; x64) AppleWebKit/537.36 (KHTML, like Gecko) Chrome/80.0.3987.149 Safari/537.36"
 - - [06/Nov/2022:22:24:53 +0000] "GET //cms/wp-includes/wlwmanifest.xml HTTP/1.0" 404 3885 "-" "Mozilla/5.0 (Windows NT 10.0; Win64; x64) AppleWebKit/537.36 (KHTML, like Gecko) Chrome/80.0.3987.149 Safari/537.36"
 - - [06/Nov/2022:22:24:54 +0000] "GET //sito/wp-includes/wlwmanifest.xml HTTP/1.0" 404 3888 "-" "Mozilla/5.0 (Windows NT 10.0; Win64; x64) AppleWebKit/537.36 (KHTML, like Gecko) Chrome/80.0.3987.149 Safari/537.36"
 - - [06/Nov/2022:23:15:39 +0000] "GET / HTTP/1.0" 200 13032 "-" "Mozilla/5.0 (X11; Linux x86_64) AppleWebKit/537.36 (KHTML, like Gecko) Chrome/107.0.5304.87 Safari/537.36"
 - - [06/Nov/2022:23:15:44 +0000] "GET /favicon.ico HTTP/1.0" 404 3822 "-" "Mozilla/5.0 (X11; Linux x86_64) AppleWebKit/537.36 (KHTML, like Gecko) Chrome/107.0.5304.87 Safari/537.36"
 - - [06/Nov/2022:23:16:08 +0000] "GET / HTTP/1.0" 200 13032 "-" "Mozilla/5.0 (Macintosh; Intel Mac OS X 10.11; rv:47.0) Gecko/20100101 Firefox/47.0"
 - - [06/Nov/2022:23:16:34 +0000] "GET / HTTP/1.0" 200 13032 "http://vintaw.com" "Mozilla/5.0 (Windows NT 10.0; Win64; x64; rv:106.0) Gecko/20100101 Firefox/106.0"
 - - [06/Nov/2022:23:16:34 +0000] "GET /ads.txt HTTP/1.0" 404 3810 "http://vintaw.com/ads.txt" "Mozilla/5.0 (Windows NT 10.0; Win64; x64; rv:106.0) Gecko/20100101 Firefox/106.0"
 - - [06/Nov/2022:23:16:35 +0000] "GET / HTTP/1.0" 200 13032 "-" "Apache-HttpClient/5.1.3 (Java/11.0.16.1)"
 - - [06/Nov/2022:23:16:36 +0000] "GET / HTTP/1.0" 200 13032 "-" "Mozilla/5.0 (Windows NT 10.0; WOW64) AppleWebKit/537.36 (KHTML, like Gecko) Chrome/83.0.4103.106 Safari/537.36"
 - - [06/Nov/2022:23:16:36 +0000] "GET /favicon.ico HTTP/1.0" 404 3822 "-" "Mozilla/5.0 (Windows NT 10.0; WOW64) AppleWebKit/537.36 (KHTML, like Gecko) Chrome/83.0.4103.106 Safari/537.36"
 - - [06/Nov/2022:23:16:37 +0000] "GET /favicon.ico HTTP/1.0" 404 3822 "-" "Mozilla/5.0 (Windows NT 10.0; WOW64) AppleWebKit/537.36 (KHTML, like Gecko) Chrome/83.0.4103.106 Safari/537.36"
 - - [06/Nov/2022:23:16:37 +0000] "GET /favicon.ico HTTP/1.0" 404 3822 "-" "Mozilla/5.0 (Windows NT 10.0; WOW64) AppleWebKit/537.36 (KHTML, like Gecko) Chrome/83.0.4103.106 Safari/537.36"
 - - [06/Nov/2022:23:16:37 +0000] "GET /favicon.png HTTP/1.0" 404 3822 "-" "Mozilla/5.0 (Windows NT 10.0; WOW64) AppleWebKit/537.36 (KHTML, like Gecko) Chrome/83.0.4103.106 Safari/537.36"
 - - [06/Nov/2022:23:16:37 +0000] "GET /favicon.png HTTP/1.0" 404 3822 "-" "Mozilla/5.0 (Windows NT 10.0; WOW64) AppleWebKit/537.36 (KHTML, like Gecko) Chrome/83.0.4103.106 Safari/537.36"
 - - [06/Nov/2022:23:16:38 +0000] "GET /favicon.png HTTP/1.0" 404 3822 "-" "Mozilla/5.0 (Windows NT 10.0; WOW64) AppleWebKit/537.36 (KHTML, like Gecko) Chrome/83.0.4103.106 Safari/537.36"
 - - [06/Nov/2022:23:20:38 +0000] "GET / HTTP/1.0" 200 13032 "-" "Mozilla/5.0 (Windows NT 10.0; Win64; x64) AppleWebKit/537.36 (KHTML, like Gecko) Chrome/104.0.0.0 Safari/537.36"
 - - [06/Nov/2022:23:20:41 +0000] "GET / HTTP/1.0" 200 13032 "-" "Mozilla/5.0 (Windows NT 10.0; Win64; x64) AppleWebKit/537.36 (KHTML, like Gecko) Chrome/104.0.0.0 Safari/537.36"
 - - [06/Nov/2022:23:28:15 +0000] "GET / HTTP/1.0" 200 13032 "-" "Mozilla/5.0 (Windows NT 10.0; Win64; x64) AppleWebKit/537.36 (KHTML, like Gecko) Chrome/94.0.4606.61 Safari/537.36"
 - - [06/Nov/2022:23:28:16 +0000] "GET /favicon.ico HTTP/1.0" 404 3822 "-" "Mozilla/5.0 (Windows NT 10.0; Win64; x64) AppleWebKit/537.36 (KHTML, like Gecko) Chrome/94.0.4606.61 Safari/537.36"
 - - [06/Nov/2022:23:29:38 +0000] "GET / HTTP/1.0" 200 13032 "-" "Mozilla/5.0 (Windows NT 10.0; Win64; x64) AppleWebKit/537.36 (KHTML, like Gecko) Chrome/94.0.4606.61 Safari/537.36"
 - - [06/Nov/2022:23:29:38 +0000] "GET /favicon.ico HTTP/1.0" 404 3822 "-" "Mozilla/5.0 (Windows NT 10.0; Win64; x64) AppleWebKit/537.36 (KHTML, like Gecko) Chrome/94.0.4606.61 Safari/537.36"
 - - [06/Nov/2022:23:44:22 +0000] "GET /.htaccess HTTP/1.0" 404 3816 "-" "Mozilla/5.0 (Macintosh; Intel Mac OS X 10_15_7) AppleWebKit/537.36 (KHTML, like Gecko) Chrome/101.0.4951.54 Safari/537.36"
 - - [06/Nov/2022:23:45:40 +0000] "GET /FemD HTTP/1.0" 404 3804 "-" "Mozilla/5.0 (compatible; Nmap Scripting Engine; https://nmap.org/book/nse.html)"
 - - [06/Nov/2022:23:45:40 +0000] "GET /fWMS HTTP/1.0" 404 3804 "-" "Mozilla/5.0 (compatible; Nmap Scripting Engine; https://nmap.org/book/nse.html)"
 - - [06/Nov/2022:23:53:54 +0000] "GET / HTTP/1.0" 200 13032 "-" "-"
 - - [06/Nov/2022:23:53:54 +0000] "GET / HTTP/1.0" 200 13032 "-" "Mozilla/5.0 (compatible; CensysInspect/1.1; +https://about.censys.io/)"
 - - [06/Nov/2022:23:53:54 +0000] "GET /favicon.ico HTTP/1.0" 404 3825 "-" "Mozilla/5.0 (compatible; CensysInspect/1.1; +https://about.censys.io/)"
 - - [06/Nov/2022:23:58:46 +0000] "GET / HTTP/1.0" 200 13032 "-" "Mozilla/5.0 (Windows NT 10.0; Win64; x64) AppleWebKit/537.36 (KHTML, like Gecko) Chrome/60.0.3112.113 Safari/537.36"
 - - [07/Nov/2022:00:00:07 +0000] "GET / HTTP/1.0" 200 13032 "-" "Mozilla/5.0 (X11; Linux x86_64) AppleWebKit/537.36 (KHTML, like Gecko) Chrome/98.0.4758.102 Safari/537.36"
 - - [07/Nov/2022:00:00:31 +0000] "GET /robots.txt HTTP/1.0" 404 3822 "-" "-"
 - - [07/Nov/2022:00:00:32 +0000] "GET /sitemap.xml HTTP/1.0" 404 3825 "-" "-"
 - - [07/Nov/2022:00:00:35 +0000] "GET /.well-known/security.txt HTTP/1.0" 404 3864 "-" "-"
 - - [07/Nov/2022:00:00:37 +0000] "GET /favicon.ico HTTP/1.0" 404 3825 "-" "Mozilla/5.0 (Macintosh; Intel Mac OS X 10.15; rv:80.0) Gecko/20100101 Firefox/80.0"
 - - [07/Nov/2022:00:09:21 +0000] "GET / HTTP/1.0" 200 13032 "http://vintaw.com/" "Go-http-client/1.1"
 - - [07/Nov/2022:00:09:21 +0000] "GET / HTTP/1.0" 200 13032 "-" "Go-http-client/1.1"
 - - [07/Nov/2022:00:09:21 +0000] "GET /robots.txt HTTP/1.0" 404 3819 "-" "Go-http-client/1.1"
 - - [07/Nov/2022:00:56:45 +0000] "GET / HTTP/1.0" 200 13032 "-" "python-requests/2.28.1"
 - - [07/Nov/2022:01:13:28 +0000] "GET /owa/auth/logon.aspx?url=https%3a%2f%2f1%2fecp%2f HTTP/1.0" 404 3878 "-" "Mozilla/5.0 zgrab/0.x"
 - - [07/Nov/2022:01:30:59 +0000] "GET / HTTP/1.0" 200 13032 "-" "Mozilla/5.0 (Macintosh; Intel Mac OS X 11_4_0) AppleWebKit/537.36 (KHTML, like Gecko) Chrome/89.0.4389.114 Safari/537.36"
 - - [07/Nov/2022:01:33:06 +0000] "GET / HTTP/1.0" 200 13032 "-" "Mozilla/5.0 (X11; Linux i686 on x86_64; rv:50.0) Gecko/20100101 Firefox/50.0"
 - - [07/Nov/2022:02:20:36 +0000] "GET / HTTP/1.0" 200 13032 "-" "Mozilla/5.0 (Windows NT 10.0; Win64; x64) AppleWebKit/537.36 (KHTML, like Gecko) Chrome/78.0.3904.108 Safari/537.36"
 - - [07/Nov/2022:02:20:36 +0000] "GET //wp-includes/wlwmanifest.xml HTTP/1.0" 404 3873 "-" "Mozilla/5.0 (Windows NT 10.0; Win64; x64) AppleWebKit/537.36 (KHTML, like Gecko) Chrome/78.0.3904.108 Safari/537.36"
 - - [07/Nov/2022:02:20:37 +0000] "GET //xmlrpc.php?rsd HTTP/1.0" 404 3826 "-" "Mozilla/5.0 (Windows NT 10.0; Win64; x64) AppleWebKit/537.36 (KHTML, like Gecko) Chrome/78.0.3904.108 Safari/537.36"
 - - [07/Nov/2022:02:20:37 +0000] "GET / HTTP/1.0" 200 13032 "-" "Mozilla/5.0 (Windows NT 10.0; Win64; x64) AppleWebKit/537.36 (KHTML, like Gecko) Chrome/78.0.3904.108 Safari/537.36"
 - - [07/Nov/2022:02:20:37 +0000] "GET //blog/wp-includes/wlwmanifest.xml HTTP/1.0" 404 3888 "-" "Mozilla/5.0 (Windows NT 10.0; Win64; x64) AppleWebKit/537.36 (KHTML, like Gecko) Chrome/78.0.3904.108 Safari/537.36"
 - - [07/Nov/2022:02:20:37 +0000] "GET //web/wp-includes/wlwmanifest.xml HTTP/1.0" 404 3885 "-" "Mozilla/5.0 (Windows NT 10.0; Win64; x64) AppleWebKit/537.36 (KHTML, like Gecko) Chrome/78.0.3904.108 Safari/537.36"
 - - [07/Nov/2022:02:20:37 +0000] "GET //wordpress/wp-includes/wlwmanifest.xml HTTP/1.0" 404 3903 "-" "Mozilla/5.0 (Windows NT 10.0; Win64; x64) AppleWebKit/537.36 (KHTML, like Gecko) Chrome/78.0.3904.108 Safari/537.36"
 - - [07/Nov/2022:02:20:37 +0000] "GET //website/wp-includes/wlwmanifest.xml HTTP/1.0" 404 3897 "-" "Mozilla/5.0 (Windows NT 10.0; Win64; x64) AppleWebKit/537.36 (KHTML, like Gecko) Chrome/78.0.3904.108 Safari/537.36"
 - - [07/Nov/2022:02:20:37 +0000] "GET //wp/wp-includes/wlwmanifest.xml HTTP/1.0" 404 3882 "-" "Mozilla/5.0 (Windows NT 10.0; Win64; x64) AppleWebKit/537.36 (KHTML, like Gecko) Chrome/78.0.3904.108 Safari/537.36"
 - - [07/Nov/2022:02:20:37 +0000] "GET //news/wp-includes/wlwmanifest.xml HTTP/1.0" 404 3888 "-" "Mozilla/5.0 (Windows NT 10.0; Win64; x64) AppleWebKit/537.36 (KHTML, like Gecko) Chrome/78.0.3904.108 Safari/537.36"
 - - [07/Nov/2022:02:20:37 +0000] "GET //2018/wp-includes/wlwmanifest.xml HTTP/1.0" 404 3888 "-" "Mozilla/5.0 (Windows NT 10.0; Win64; x64) AppleWebKit/537.36 (KHTML, like Gecko) Chrome/78.0.3904.108 Safari/537.36"
 - - [07/Nov/2022:02:20:37 +0000] "GET //2019/wp-includes/wlwmanifest.xml HTTP/1.0" 404 3888 "-" "Mozilla/5.0 (Windows NT 10.0; Win64; x64) AppleWebKit/537.36 (KHTML, like Gecko) Chrome/78.0.3904.108 Safari/537.36"
 - - [07/Nov/2022:02:20:37 +0000] "GET //shop/wp-includes/wlwmanifest.xml HTTP/1.0" 404 3888 "-" "Mozilla/5.0 (Windows NT 10.0; Win64; x64) AppleWebKit/537.36 (KHTML, like Gecko) Chrome/78.0.3904.108 Safari/537.36"
 - - [07/Nov/2022:02:20:37 +0000] "GET //wp1/wp-includes/wlwmanifest.xml HTTP/1.0" 404 3885 "-" "Mozilla/5.0 (Windows NT 10.0; Win64; x64) AppleWebKit/537.36 (KHTML, like Gecko) Chrome/78.0.3904.108 Safari/537.36"
 - - [07/Nov/2022:02:20:37 +0000] "GET //test/wp-includes/wlwmanifest.xml HTTP/1.0" 404 3888 "-" "Mozilla/5.0 (Windows NT 10.0; Win64; x64) AppleWebKit/537.36 (KHTML, like Gecko) Chrome/78.0.3904.108 Safari/537.36"
 - - [07/Nov/2022:02:20:38 +0000] "GET //media/wp-includes/wlwmanifest.xml HTTP/1.0" 404 3891 "-" "Mozilla/5.0 (Windows NT 10.0; Win64; x64) AppleWebKit/537.36 (KHTML, like Gecko) Chrome/78.0.3904.108 Safari/537.36"
 - - [07/Nov/2022:02:20:38 +0000] "GET //wp2/wp-includes/wlwmanifest.xml HTTP/1.0" 404 3885 "-" "Mozilla/5.0 (Windows NT 10.0; Win64; x64) AppleWebKit/537.36 (KHTML, like Gecko) Chrome/78.0.3904.108 Safari/537.36"
 - - [07/Nov/2022:02:20:38 +0000] "GET //site/wp-includes/wlwmanifest.xml HTTP/1.0" 404 3888 "-" "Mozilla/5.0 (Windows NT 10.0; Win64; x64) AppleWebKit/537.36 (KHTML, like Gecko) Chrome/78.0.3904.108 Safari/537.36"
 - - [07/Nov/2022:02:20:38 +0000] "GET //cms/wp-includes/wlwmanifest.xml HTTP/1.0" 404 3885 "-" "Mozilla/5.0 (Windows NT 10.0; Win64; x64) AppleWebKit/537.36 (KHTML, like Gecko) Chrome/78.0.3904.108 Safari/537.36"
 - - [07/Nov/2022:02:20:38 +0000] "GET //sito/wp-includes/wlwmanifest.xml HTTP/1.0" 404 3888 "-" "Mozilla/5.0 (Windows NT 10.0; Win64; x64) AppleWebKit/537.36 (KHTML, like Gecko) Chrome/78.0.3904.108 Safari/537.36"
 - - [07/Nov/2022:02:31:21 +0000] "GET / HTTP/1.0" 200 13032 "-" "Mozilla/5.0 (X11; Ubuntu; Linux x86_64; rv:106.0) Gecko/20100101 Firefox/106.0"
 - - [07/Nov/2022:02:31:23 +0000] "GET /favicon.ico HTTP/1.0" 404 3822 "https://vintaw.com/" "Mozilla/5.0 (X11; Ubuntu; Linux x86_64; rv:106.0) Gecko/20100101 Firefox/106.0"
 - - [07/Nov/2022:02:32:08 +0000] "GET / HTTP/1.0" 200 13032 "-" "Mozilla/5.0 (X11; Ubuntu; Linux x86_64; rv:106.0) Gecko/20100101 Firefox/106.0"
 - - [07/Nov/2022:02:32:47 +0000] "GET / HTTP/1.0" 200 13032 "-" "Mozilla/5.0 (X11; Ubuntu; Linux x86_64; rv:106.0) Gecko/20100101 Firefox/106.0"
 - - [07/Nov/2022:02:32:49 +0000] "GET /favicon.ico HTTP/1.0" 404 3822 "https://vintaw.com/" "Mozilla/5.0 (X11; Ubuntu; Linux x86_64; rv:106.0) Gecko/20100101 Firefox/106.0"
 - - [07/Nov/2022:02:33:22 +0000] "GET / HTTP/1.0" 200 13032 "-" "Mozilla/5.0 (X11; Ubuntu; Linux x86_64; rv:106.0) Gecko/20100101 Firefox/106.0"
 - - [07/Nov/2022:02:33:23 +0000] "GET /favicon.ico HTTP/1.0" 404 3822 "https://vintaw.com/" "Mozilla/5.0 (X11; Ubuntu; Linux x86_64; rv:106.0) Gecko/20100101 Firefox/106.0"
 - - [07/Nov/2022:02:37:13 +0000] "GET / HTTP/1.0" 200 13032 "-" "Mozilla/5.0 (Windows NT 10.0; Win64; x64) AppleWebKit/537.36 (KHTML, like Gecko) Chrome/94.0.4606.61 Safari/537.36"
 - - [07/Nov/2022:02:37:13 +0000] "GET /favicon.ico HTTP/1.0" 404 3822 "-" "Mozilla/5.0 (Windows NT 10.0; Win64; x64) AppleWebKit/537.36 (KHTML, like Gecko) Chrome/94.0.4606.61 Safari/537.36"
 - - [07/Nov/2022:02:41:04 +0000] "GET / HTTP/1.0" 200 13032 "-" "Mozilla/5.0 (Windows NT 10.0; Win64; x64) AppleWebKit/537.36 (KHTML, like Gecko) Chrome/78.0.3904.108 Safari/537.36"
 - - [07/Nov/2022:02:41:05 +0000] "GET //wp-includes/wlwmanifest.xml HTTP/1.0" 404 3873 "-" "Mozilla/5.0 (Windows NT 10.0; Win64; x64) AppleWebKit/537.36 (KHTML, like Gecko) Chrome/78.0.3904.108 Safari/537.36"
 - - [07/Nov/2022:02:41:05 +0000] "GET //xmlrpc.php?rsd HTTP/1.0" 404 3826 "-" "Mozilla/5.0 (Windows NT 10.0; Win64; x64) AppleWebKit/537.36 (KHTML, like Gecko) Chrome/78.0.3904.108 Safari/537.36"
 - - [07/Nov/2022:02:41:06 +0000] "GET / HTTP/1.0" 200 13032 "-" "Mozilla/5.0 (Windows NT 10.0; Win64; x64) AppleWebKit/537.36 (KHTML, like Gecko) Chrome/78.0.3904.108 Safari/537.36"
 - - [07/Nov/2022:02:41:06 +0000] "GET //blog/wp-includes/wlwmanifest.xml HTTP/1.0" 404 3888 "-" "Mozilla/5.0 (Windows NT 10.0; Win64; x64) AppleWebKit/537.36 (KHTML, like Gecko) Chrome/78.0.3904.108 Safari/537.36"
 - - [07/Nov/2022:02:41:07 +0000] "GET //web/wp-includes/wlwmanifest.xml HTTP/1.0" 404 3885 "-" "Mozilla/5.0 (Windows NT 10.0; Win64; x64) AppleWebKit/537.36 (KHTML, like Gecko) Chrome/78.0.3904.108 Safari/537.36"
 - - [07/Nov/2022:02:41:08 +0000] "GET //wordpress/wp-includes/wlwmanifest.xml HTTP/1.0" 404 3903 "-" "Mozilla/5.0 (Windows NT 10.0; Win64; x64) AppleWebKit/537.36 (KHTML, like Gecko) Chrome/78.0.3904.108 Safari/537.36"
 - - [07/Nov/2022:02:41:08 +0000] "GET //website/wp-includes/wlwmanifest.xml HTTP/1.0" 404 3897 "-" "Mozilla/5.0 (Windows NT 10.0; Win64; x64) AppleWebKit/537.36 (KHTML, like Gecko) Chrome/78.0.3904.108 Safari/537.36"
 - - [07/Nov/2022:02:41:09 +0000] "GET //wp/wp-includes/wlwmanifest.xml HTTP/1.0" 404 3882 "-" "Mozilla/5.0 (Windows NT 10.0; Win64; x64) AppleWebKit/537.36 (KHTML, like Gecko) Chrome/78.0.3904.108 Safari/537.36"
 - - [07/Nov/2022:02:41:10 +0000] "GET //news/wp-includes/wlwmanifest.xml HTTP/1.0" 404 3888 "-" "Mozilla/5.0 (Windows NT 10.0; Win64; x64) AppleWebKit/537.36 (KHTML, like Gecko) Chrome/78.0.3904.108 Safari/537.36"
 - - [07/Nov/2022:02:41:10 +0000] "GET //2018/wp-includes/wlwmanifest.xml HTTP/1.0" 404 3888 "-" "Mozilla/5.0 (Windows NT 10.0; Win64; x64) AppleWebKit/537.36 (KHTML, like Gecko) Chrome/78.0.3904.108 Safari/537.36"
 - - [07/Nov/2022:02:41:11 +0000] "GET //2019/wp-includes/wlwmanifest.xml HTTP/1.0" 404 3888 "-" "Mozilla/5.0 (Windows NT 10.0; Win64; x64) AppleWebKit/537.36 (KHTML, like Gecko) Chrome/78.0.3904.108 Safari/537.36"
 - - [07/Nov/2022:02:41:12 +0000] "GET //shop/wp-includes/wlwmanifest.xml HTTP/1.0" 404 3888 "-" "Mozilla/5.0 (Windows NT 10.0; Win64; x64) AppleWebKit/537.36 (KHTML, like Gecko) Chrome/78.0.3904.108 Safari/537.36"
 - - [07/Nov/2022:02:41:15 +0000] "GET //wp1/wp-includes/wlwmanifest.xml HTTP/1.0" 404 3885 "-" "Mozilla/5.0 (Windows NT 10.0; Win64; x64) AppleWebKit/537.36 (KHTML, like Gecko) Chrome/78.0.3904.108 Safari/537.36"
 - - [07/Nov/2022:02:41:16 +0000] "GET //test/wp-includes/wlwmanifest.xml HTTP/1.0" 404 3888 "-" "Mozilla/5.0 (Windows NT 10.0; Win64; x64) AppleWebKit/537.36 (KHTML, like Gecko) Chrome/78.0.3904.108 Safari/537.36"
 - - [07/Nov/2022:02:41:18 +0000] "GET //media/wp-includes/wlwmanifest.xml HTTP/1.0" 404 3891 "-" "Mozilla/5.0 (Windows NT 10.0; Win64; x64) AppleWebKit/537.36 (KHTML, like Gecko) Chrome/78.0.3904.108 Safari/537.36"
 - - [07/Nov/2022:02:41:19 +0000] "GET //wp2/wp-includes/wlwmanifest.xml HTTP/1.0" 404 3885 "-" "Mozilla/5.0 (Windows NT 10.0; Win64; x64) AppleWebKit/537.36 (KHTML, like Gecko) Chrome/78.0.3904.108 Safari/537.36"
 - - [07/Nov/2022:02:41:20 +0000] "GET //site/wp-includes/wlwmanifest.xml HTTP/1.0" 404 3888 "-" "Mozilla/5.0 (Windows NT 10.0; Win64; x64) AppleWebKit/537.36 (KHTML, like Gecko) Chrome/78.0.3904.108 Safari/537.36"
 - - [07/Nov/2022:02:41:22 +0000] "GET //cms/wp-includes/wlwmanifest.xml HTTP/1.0" 404 3885 "-" "Mozilla/5.0 (Windows NT 10.0; Win64; x64) AppleWebKit/537.36 (KHTML, like Gecko) Chrome/78.0.3904.108 Safari/537.36"
 - - [07/Nov/2022:02:41:24 +0000] "GET //sito/wp-includes/wlwmanifest.xml HTTP/1.0" 404 3888 "-" "Mozilla/5.0 (Windows NT 10.0; Win64; x64) AppleWebKit/537.36 (KHTML, like Gecko) Chrome/78.0.3904.108 Safari/537.36"
 - - [07/Nov/2022:02:45:39 +0000] "GET / HTTP/1.0" 200 13032 "-" "Mozilla/5.0 (X11; Ubuntu; Linux x86_64; rv:106.0) Gecko/20100101 Firefox/106.0"
 - - [07/Nov/2022:02:45:40 +0000] "GET /favicon.ico HTTP/1.0" 404 3822 "https://vintaw.com/" "Mozilla/5.0 (X11; Ubuntu; Linux x86_64; rv:106.0) Gecko/20100101 Firefox/106.0"
 - - [07/Nov/2022:02:46:24 +0000] "GET /get_token HTTP/1.0" 200 5060 "https://vintaw.com/" "Mozilla/5.0 (X11; Ubuntu; Linux x86_64; rv:106.0) Gecko/20100101 Firefox/106.0"
 - - [07/Nov/2022:02:46:27 +0000] "GET /favicon.ico HTTP/1.0" 404 3822 "https://vintaw.com/get_token" "Mozilla/5.0 (X11; Ubuntu; Linux x86_64; rv:106.0) Gecko/20100101 Firefox/106.0"
 - - [07/Nov/2022:02:46:54 +0000] "POST /get_token HTTP/1.0" 302 0 "https://vintaw.com/get_token" "Mozilla/5.0 (X11; Ubuntu; Linux x86_64; rv:106.0) Gecko/20100101 Firefox/106.0"
 - - [07/Nov/2022:02:46:54 +0000] "GET /token_claimed HTTP/1.0" 200 4579 "https://vintaw.com/get_token" "Mozilla/5.0 (X11; Ubuntu; Linux x86_64; rv:106.0) Gecko/20100101 Firefox/106.0"
 - - [07/Nov/2022:02:46:55 +0000] "GET /favicon.ico HTTP/1.0" 404 3822 "https://vintaw.com/token_claimed" "Mozilla/5.0 (X11; Ubuntu; Linux x86_64; rv:106.0) Gecko/20100101 Firefox/106.0"
 - - [07/Nov/2022:02:47:01 +0000] "GET / HTTP/1.0" 200 13032 "https://vintaw.com/token_claimed" "Mozilla/5.0 (X11; Ubuntu; Linux x86_64; rv:106.0) Gecko/20100101 Firefox/106.0"
 - - [07/Nov/2022:02:47:02 +0000] "GET /favicon.ico HTTP/1.0" 404 3822 "https://vintaw.com/" "Mozilla/5.0 (X11; Ubuntu; Linux x86_64; rv:106.0) Gecko/20100101 Firefox/106.0"
 - - [07/Nov/2022:02:49:04 +0000] "GET /get_votations/a HTTP/1.0" 200 14229 "https://vintaw.com/" "Mozilla/5.0 (X11; Ubuntu; Linux x86_64; rv:106.0) Gecko/20100101 Firefox/106.0"
 - - [07/Nov/2022:02:49:06 +0000] "GET /favicon.ico HTTP/1.0" 404 3822 "https://vintaw.com/get_votations/a" "Mozilla/5.0 (X11; Ubuntu; Linux x86_64; rv:106.0) Gecko/20100101 Firefox/106.0"
 - - [07/Nov/2022:02:54:22 +0000] "GET /favicon.ico HTTP/1.0" 404 3822 "https://vintaw.com/" "Mozilla/5.0 (X11; Ubuntu; Linux x86_64; rv:106.0) Gecko/20100101 Firefox/106.0"
 - - [07/Nov/2022:02:54:27 +0000] "GET /get_token HTTP/1.0" 200 5060 "https://vintaw.com/" "Mozilla/5.0 (X11; Ubuntu; Linux x86_64; rv:106.0) Gecko/20100101 Firefox/106.0"
 - - [07/Nov/2022:02:54:28 +0000] "GET /favicon.ico HTTP/1.0" 404 3822 "https://vintaw.com/get_token" "Mozilla/5.0 (X11; Ubuntu; Linux x86_64; rv:106.0) Gecko/20100101 Firefox/106.0"
 - - [07/Nov/2022:02:54:34 +0000] "GET / HTTP/1.0" 200 13032 "https://vintaw.com/get_token" "Mozilla/5.0 (X11; Ubuntu; Linux x86_64; rv:106.0) Gecko/20100101 Firefox/106.0"
 - - [07/Nov/2022:02:54:36 +0000] "GET /favicon.ico HTTP/1.0" 404 3822 "https://vintaw.com/" "Mozilla/5.0 (X11; Ubuntu; Linux x86_64; rv:106.0) Gecko/20100101 Firefox/106.0"
 - - [07/Nov/2022:02:54:37 +0000] "GET /create_votation HTTP/1.0" 200 6366 "https://vintaw.com/" "Mozilla/5.0 (X11; Ubuntu; Linux x86_64; rv:106.0) Gecko/20100101 Firefox/106.0"
 - - [07/Nov/2022:02:54:38 +0000] "GET /favicon.ico HTTP/1.0" 404 3822 "https://vintaw.com/create_votation" "Mozilla/5.0 (X11; Ubuntu; Linux x86_64; rv:106.0) Gecko/20100101 Firefox/106.0"
 - - [07/Nov/2022:02:54:42 +0000] "GET / HTTP/1.0" 200 13032 "https://vintaw.com/create_votation" "Mozilla/5.0 (X11; Ubuntu; Linux x86_64; rv:106.0) Gecko/20100101 Firefox/106.0"
 - - [07/Nov/2022:02:54:44 +0000] "GET /favicon.ico HTTP/1.0" 404 3822 "https://vintaw.com/" "Mozilla/5.0 (X11; Ubuntu; Linux x86_64; rv:106.0) Gecko/20100101 Firefox/106.0"
 - - [07/Nov/2022:02:54:49 +0000] "GET /get_votations/a HTTP/1.0" 200 14229 "https://vintaw.com/" "Mozilla/5.0 (X11; Ubuntu; Linux x86_64; rv:106.0) Gecko/20100101 Firefox/106.0"
 - - [07/Nov/2022:02:54:51 +0000] "GET /favicon.ico HTTP/1.0" 404 3822 "https://vintaw.com/get_votations/a" "Mozilla/5.0 (X11; Ubuntu; Linux x86_64; rv:106.0) Gecko/20100101 Firefox/106.0"
 - - [07/Nov/2022:02:56:14 +0000] "GET / HTTP/1.0" 200 13032 "-" "Mozilla/5.0 (Windows NT 6.1; WOW64) AppleWebKit/534.24 (KHTML, like Gecko) Chrome/11.0.696.71 Safari/534.24"
